2023-06-30T08:21:41+00:00 CRITICAL Uncaught Error: Call to a member function get_upsell_ids() on null in D:\xampp\htdocs\gemain.cda-development3.co.uk\wp-content\themes\GlobalEngage\parts\content-related_events_coming_up.php:8
Stack trace:
#0 D:\xampp\htdocs\gemain.cda-development3.co.uk\wp-includes\template.php(785): require()
#1 D:\xampp\htdocs\gemain.cda-development3.co.uk\wp-includes\template.php(718): load_template('D:\\xampp\\htdocs...', false, Array)
#2 D:\xampp\htdocs\gemain.cda-development3.co.uk\wp-includes\general-template.php(204): locate_template(Array, true, false, Array)
#3 D:\xampp\htdocs\gemain.cda-development3.co.uk\wp-content\themes\GlobalEngage\404.php(112): get_template_part('parts/content', 'related_events_...')
#4 D:\xampp\htdocs\gemain.cda-development3.co.uk\wp-includes\template-loader.php(106): include('D:\\xampp\\htdocs...')
#5 D:\xampp\htdocs\gemain.cda-development3.co.uk\wp-blog-header.php(19): require_once('D:\\xampp\\htdocs...')
#6 D:\xampp\htdocs\gemain.cda-development3.co.uk\index.php(17): require('D:\\xampp\\htdocs...')
#7 {main}
  thrown in D:\xampp\htdocs\gemain.cda-development3.co.uk\wp-content\themes\GlobalEngage\parts\content-related_events_coming_up.php on line 8

2023-06-30T08:21:41+00:00 CRITICAL Uncaught Error: Call to a member function get_upsell_ids() on null in D:\xampp\htdocs\gemain.cda-development3.co.uk\wp-content\themes\GlobalEngage\parts\content-related_events_coming_up.php:8
Stack trace:
#0 D:\xampp\htdocs\gemain.cda-development3.co.uk\wp-includes\template.php(785): require()
#1 D:\xampp\htdocs\gemain.cda-development3.co.uk\wp-includes\template.php(718): load_template('D:\\xampp\\htdocs...', false, Array)
#2 D:\xampp\htdocs\gemain.cda-development3.co.uk\wp-includes\general-template.php(204): locate_template(Array, true, false, Array)
#3 D:\xampp\htdocs\gemain.cda-development3.co.uk\wp-content\themes\GlobalEngage\404.php(112): get_template_part('parts/content', 'related_events_...')
#4 D:\xampp\htdocs\gemain.cda-development3.co.uk\wp-includes\template-loader.php(106): include('D:\\xampp\\htdocs...')
#5 D:\xampp\htdocs\gemain.cda-development3.co.uk\wp-blog-header.php(19): require_once('D:\\xampp\\htdocs...')
#6 D:\xampp\htdocs\gemain.cda-development3.co.uk\index.php(17): require('D:\\xampp\\htdocs...')
#7 {main}
  thrown in D:\xampp\htdocs\gemain.cda-development3.co.uk\wp-content\themes\GlobalEngage\parts\content-related_events_coming_up.php on line 8

2023-06-30T08:21:41+00:00 CRITICAL Uncaught Error: Call to a member function get_upsell_ids() on null in D:\xampp\htdocs\gemain.cda-development3.co.uk\wp-content\themes\GlobalEngage\parts\content-related_events_coming_up.php:8
Stack trace:
#0 D:\xampp\htdocs\gemain.cda-development3.co.uk\wp-includes\template.php(785): require()
#1 D:\xampp\htdocs\gemain.cda-development3.co.uk\wp-includes\template.php(718): load_template('D:\\xampp\\htdocs...', false, Array)
#2 D:\xampp\htdocs\gemain.cda-development3.co.uk\wp-includes\general-template.php(204): locate_template(Array, true, false, Array)
#3 D:\xampp\htdocs\gemain.cda-development3.co.uk\wp-content\themes\GlobalEngage\404.php(112): get_template_part('parts/content', 'related_events_...')
#4 D:\xampp\htdocs\gemain.cda-development3.co.uk\wp-includes\template-loader.php(106): include('D:\\xampp\\htdocs...')
#5 D:\xampp\htdocs\gemain.cda-development3.co.uk\wp-blog-header.php(19): require_once('D:\\xampp\\htdocs...')
#6 D:\xampp\htdocs\gemain.cda-development3.co.uk\index.php(17): require('D:\\xampp\\htdocs...')
#7 {main}
  thrown in D:\xampp\htdocs\gemain.cda-development3.co.uk\wp-content\themes\GlobalEngage\parts\content-related_events_coming_up.php on line 8

2023-06-30T08:21:42+00:00 CRITICAL Uncaught Error: Call to a member function get_upsell_ids() on null in D:\xampp\htdocs\gemain.cda-development3.co.uk\wp-content\themes\GlobalEngage\parts\content-related_events_coming_up.php:8
Stack trace:
#0 D:\xampp\htdocs\gemain.cda-development3.co.uk\wp-includes\template.php(785): require()
#1 D:\xampp\htdocs\gemain.cda-development3.co.uk\wp-includes\template.php(718): load_template('D:\\xampp\\htdocs...', false, Array)
#2 D:\xampp\htdocs\gemain.cda-development3.co.uk\wp-includes\general-template.php(204): locate_template(Array, true, false, Array)
#3 D:\xampp\htdocs\gemain.cda-development3.co.uk\wp-content\themes\GlobalEngage\404.php(112): get_template_part('parts/content', 'related_events_...')
#4 D:\xampp\htdocs\gemain.cda-development3.co.uk\wp-includes\template-loader.php(106): include('D:\\xampp\\htdocs...')
#5 D:\xampp\htdocs\gemain.cda-development3.co.uk\wp-blog-header.php(19): require_once('D:\\xampp\\htdocs...')
#6 D:\xampp\htdocs\gemain.cda-development3.co.uk\index.php(17): require('D:\\xampp\\htdocs...')
#7 {main}
  thrown in D:\xampp\htdocs\gemain.cda-development3.co.uk\wp-content\themes\GlobalEngage\parts\content-related_events_coming_up.php on line 8

2023-06-30T08:21:42+00:00 CRITICAL Uncaught Error: Call to a member function get_upsell_ids() on null in D:\xampp\htdocs\gemain.cda-development3.co.uk\wp-content\themes\GlobalEngage\parts\content-related_events_coming_up.php:8
Stack trace:
#0 D:\xampp\htdocs\gemain.cda-development3.co.uk\wp-includes\template.php(785): require()
#1 D:\xampp\htdocs\gemain.cda-development3.co.uk\wp-includes\template.php(718): load_template('D:\\xampp\\htdocs...', false, Array)
#2 D:\xampp\htdocs\gemain.cda-development3.co.uk\wp-includes\general-template.php(204): locate_template(Array, true, false, Array)
#3 D:\xampp\htdocs\gemain.cda-development3.co.uk\wp-content\themes\GlobalEngage\404.php(112): get_template_part('parts/content', 'related_events_...')
#4 D:\xampp\htdocs\gemain.cda-development3.co.uk\wp-includes\template-loader.php(106): include('D:\\xampp\\htdocs...')
#5 D:\xampp\htdocs\gemain.cda-development3.co.uk\wp-blog-header.php(19): require_once('D:\\xampp\\htdocs...')
#6 D:\xampp\htdocs\gemain.cda-development3.co.uk\index.php(17): require('D:\\xampp\\htdocs...')
#7 {main}
  thrown in D:\xampp\htdocs\gemain.cda-development3.co.uk\wp-content\themes\GlobalEngage\parts\content-related_events_coming_up.php on line 8

2023-06-30T08:21:44+00:00 CRITICAL Uncaught Error: Call to a member function get_upsell_ids() on null in D:\xampp\htdocs\gemain.cda-development3.co.uk\wp-content\themes\GlobalEngage\parts\content-related_events_coming_up.php:8
Stack trace:
#0 D:\xampp\htdocs\gemain.cda-development3.co.uk\wp-includes\template.php(785): require()
#1 D:\xampp\htdocs\gemain.cda-development3.co.uk\wp-includes\template.php(718): load_template('D:\\xampp\\htdocs...', false, Array)
#2 D:\xampp\htdocs\gemain.cda-development3.co.uk\wp-includes\general-template.php(204): locate_template(Array, true, false, Array)
#3 D:\xampp\htdocs\gemain.cda-development3.co.uk\wp-content\themes\GlobalEngage\404.php(112): get_template_part('parts/content', 'related_events_...')
#4 D:\xampp\htdocs\gemain.cda-development3.co.uk\wp-includes\template-loader.php(106): include('D:\\xampp\\htdocs...')
#5 D:\xampp\htdocs\gemain.cda-development3.co.uk\wp-blog-header.php(19): require_once('D:\\xampp\\htdocs...')
#6 D:\xampp\htdocs\gemain.cda-development3.co.uk\index.php(17): require('D:\\xampp\\htdocs...')
#7 {main}
  thrown in D:\xampp\htdocs\gemain.cda-development3.co.uk\wp-content\themes\GlobalEngage\parts\content-related_events_coming_up.php on line 8

2023-06-30T08:21:48+00:00 CRITICAL Uncaught Error: Call to a member function get_upsell_ids() on null in D:\xampp\htdocs\gemain.cda-development3.co.uk\wp-content\themes\GlobalEngage\parts\content-related_events_coming_up.php:8
Stack trace:
#0 D:\xampp\htdocs\gemain.cda-development3.co.uk\wp-includes\template.php(785): require()
#1 D:\xampp\htdocs\gemain.cda-development3.co.uk\wp-includes\template.php(718): load_template('D:\\xampp\\htdocs...', false, Array)
#2 D:\xampp\htdocs\gemain.cda-development3.co.uk\wp-includes\general-template.php(204): locate_template(Array, true, false, Array)
#3 D:\xampp\htdocs\gemain.cda-development3.co.uk\wp-content\themes\GlobalEngage\404.php(112): get_template_part('parts/content', 'related_events_...')
#4 D:\xampp\htdocs\gemain.cda-development3.co.uk\wp-includes\template-loader.php(106): include('D:\\xampp\\htdocs...')
#5 D:\xampp\htdocs\gemain.cda-development3.co.uk\wp-blog-header.php(19): require_once('D:\\xampp\\htdocs...')
#6 D:\xampp\htdocs\gemain.cda-development3.co.uk\index.php(17): require('D:\\xampp\\htdocs...')
#7 {main}
  thrown in D:\xampp\htdocs\gemain.cda-development3.co.uk\wp-content\themes\GlobalEngage\parts\content-related_events_coming_up.php on line 8

