2023-06-29T11:51:56+00:00 CRITICAL Uncaught Error: Call to a member function get_upsell_ids() on null in D:\xampp\htdocs\gemain.cda-development3.co.uk\wp-content\themes\GlobalEngage\parts\content-related_events_coming_up.php:8
Stack trace:
#0 D:\xampp\htdocs\gemain.cda-development3.co.uk\wp-includes\template.php(785): require()
#1 D:\xampp\htdocs\gemain.cda-development3.co.uk\wp-includes\template.php(718): load_template('D:\\xampp\\htdocs...', false, Array)
#2 D:\xampp\htdocs\gemain.cda-development3.co.uk\wp-includes\general-template.php(204): locate_template(Array, true, false, Array)
#3 D:\xampp\htdocs\gemain.cda-development3.co.uk\wp-content\themes\GlobalEngage\404.php(112): get_template_part('parts/content', 'related_events_...')
#4 D:\xampp\htdocs\gemain.cda-development3.co.uk\wp-includes\template-loader.php(106): include('D:\\xampp\\htdocs...')
#5 D:\xampp\htdocs\gemain.cda-development3.co.uk\wp-blog-header.php(19): require_once('D:\\xampp\\htdocs...')
#6 D:\xampp\htdocs\gemain.cda-development3.co.uk\index.php(17): require('D:\\xampp\\htdocs...')
#7 {main}
  thrown in D:\xampp\htdocs\gemain.cda-development3.co.uk\wp-content\themes\GlobalEngage\parts\content-related_events_coming_up.php on line 8

2023-06-29T11:51:56+00:00 CRITICAL Uncaught Error: Call to a member function get_upsell_ids() on null in D:\xampp\htdocs\gemain.cda-development3.co.uk\wp-content\themes\GlobalEngage\parts\content-related_events_coming_up.php:8
Stack trace:
#0 D:\xampp\htdocs\gemain.cda-development3.co.uk\wp-includes\template.php(785): require()
#1 D:\xampp\htdocs\gemain.cda-development3.co.uk\wp-includes\template.php(718): load_template('D:\\xampp\\htdocs...', false, Array)
#2 D:\xampp\htdocs\gemain.cda-development3.co.uk\wp-includes\general-template.php(204): locate_template(Array, true, false, Array)
#3 D:\xampp\htdocs\gemain.cda-development3.co.uk\wp-content\themes\GlobalEngage\404.php(112): get_template_part('parts/content', 'related_events_...')
#4 D:\xampp\htdocs\gemain.cda-development3.co.uk\wp-includes\template-loader.php(106): include('D:\\xampp\\htdocs...')
#5 D:\xampp\htdocs\gemain.cda-development3.co.uk\wp-blog-header.php(19): require_once('D:\\xampp\\htdocs...')
#6 D:\xampp\htdocs\gemain.cda-development3.co.uk\index.php(17): require('D:\\xampp\\htdocs...')
#7 {main}
  thrown in D:\xampp\htdocs\gemain.cda-development3.co.uk\wp-content\themes\GlobalEngage\parts\content-related_events_coming_up.php on line 8

2023-06-29T11:51:56+00:00 CRITICAL Uncaught Error: Call to a member function get_upsell_ids() on null in D:\xampp\htdocs\gemain.cda-development3.co.uk\wp-content\themes\GlobalEngage\parts\content-related_events_coming_up.php:8
Stack trace:
#0 D:\xampp\htdocs\gemain.cda-development3.co.uk\wp-includes\template.php(785): require()
#1 D:\xampp\htdocs\gemain.cda-development3.co.uk\wp-includes\template.php(718): load_template('D:\\xampp\\htdocs...', false, Array)
#2 D:\xampp\htdocs\gemain.cda-development3.co.uk\wp-includes\general-template.php(204): locate_template(Array, true, false, Array)
#3 D:\xampp\htdocs\gemain.cda-development3.co.uk\wp-content\themes\GlobalEngage\404.php(112): get_template_part('parts/content', 'related_events_...')
#4 D:\xampp\htdocs\gemain.cda-development3.co.uk\wp-includes\template-loader.php(106): include('D:\\xampp\\htdocs...')
#5 D:\xampp\htdocs\gemain.cda-development3.co.uk\wp-blog-header.php(19): require_once('D:\\xampp\\htdocs...')
#6 D:\xampp\htdocs\gemain.cda-development3.co.uk\index.php(17): require('D:\\xampp\\htdocs...')
#7 {main}
  thrown in D:\xampp\htdocs\gemain.cda-development3.co.uk\wp-content\themes\GlobalEngage\parts\content-related_events_coming_up.php on line 8

2023-06-29T11:51:56+00:00 CRITICAL Uncaught Error: Call to a member function get_upsell_ids() on null in D:\xampp\htdocs\gemain.cda-development3.co.uk\wp-content\themes\GlobalEngage\parts\content-related_events_coming_up.php:8
Stack trace:
#0 D:\xampp\htdocs\gemain.cda-development3.co.uk\wp-includes\template.php(785): require()
#1 D:\xampp\htdocs\gemain.cda-development3.co.uk\wp-includes\template.php(718): load_template('D:\\xampp\\htdocs...', false, Array)
#2 D:\xampp\htdocs\gemain.cda-development3.co.uk\wp-includes\general-template.php(204): locate_template(Array, true, false, Array)
#3 D:\xampp\htdocs\gemain.cda-development3.co.uk\wp-content\themes\GlobalEngage\404.php(112): get_template_part('parts/content', 'related_events_...')
#4 D:\xampp\htdocs\gemain.cda-development3.co.uk\wp-includes\template-loader.php(106): include('D:\\xampp\\htdocs...')
#5 D:\xampp\htdocs\gemain.cda-development3.co.uk\wp-blog-header.php(19): require_once('D:\\xampp\\htdocs...')
#6 D:\xampp\htdocs\gemain.cda-development3.co.uk\index.php(17): require('D:\\xampp\\htdocs...')
#7 {main}
  thrown in D:\xampp\htdocs\gemain.cda-development3.co.uk\wp-content\themes\GlobalEngage\parts\content-related_events_coming_up.php on line 8

2023-06-29T11:51:57+00:00 CRITICAL Uncaught Error: Call to a member function get_upsell_ids() on null in D:\xampp\htdocs\gemain.cda-development3.co.uk\wp-content\themes\GlobalEngage\parts\content-related_events_coming_up.php:8
Stack trace:
#0 D:\xampp\htdocs\gemain.cda-development3.co.uk\wp-includes\template.php(785): require()
#1 D:\xampp\htdocs\gemain.cda-development3.co.uk\wp-includes\template.php(718): load_template('D:\\xampp\\htdocs...', false, Array)
#2 D:\xampp\htdocs\gemain.cda-development3.co.uk\wp-includes\general-template.php(204): locate_template(Array, true, false, Array)
#3 D:\xampp\htdocs\gemain.cda-development3.co.uk\wp-content\themes\GlobalEngage\404.php(112): get_template_part('parts/content', 'related_events_...')
#4 D:\xampp\htdocs\gemain.cda-development3.co.uk\wp-includes\template-loader.php(106): include('D:\\xampp\\htdocs...')
#5 D:\xampp\htdocs\gemain.cda-development3.co.uk\wp-blog-header.php(19): require_once('D:\\xampp\\htdocs...')
#6 D:\xampp\htdocs\gemain.cda-development3.co.uk\index.php(17): require('D:\\xampp\\htdocs...')
#7 {main}
  thrown in D:\xampp\htdocs\gemain.cda-development3.co.uk\wp-content\themes\GlobalEngage\parts\content-related_events_coming_up.php on line 8

2023-06-29T11:51:59+00:00 CRITICAL Uncaught Error: Call to a member function get_upsell_ids() on null in D:\xampp\htdocs\gemain.cda-development3.co.uk\wp-content\themes\GlobalEngage\parts\content-related_events_coming_up.php:8
Stack trace:
#0 D:\xampp\htdocs\gemain.cda-development3.co.uk\wp-includes\template.php(785): require()
#1 D:\xampp\htdocs\gemain.cda-development3.co.uk\wp-includes\template.php(718): load_template('D:\\xampp\\htdocs...', false, Array)
#2 D:\xampp\htdocs\gemain.cda-development3.co.uk\wp-includes\general-template.php(204): locate_template(Array, true, false, Array)
#3 D:\xampp\htdocs\gemain.cda-development3.co.uk\wp-content\themes\GlobalEngage\404.php(112): get_template_part('parts/content', 'related_events_...')
#4 D:\xampp\htdocs\gemain.cda-development3.co.uk\wp-includes\template-loader.php(106): include('D:\\xampp\\htdocs...')
#5 D:\xampp\htdocs\gemain.cda-development3.co.uk\wp-blog-header.php(19): require_once('D:\\xampp\\htdocs...')
#6 D:\xampp\htdocs\gemain.cda-development3.co.uk\index.php(17): require('D:\\xampp\\htdocs...')
#7 {main}
  thrown in D:\xampp\htdocs\gemain.cda-development3.co.uk\wp-content\themes\GlobalEngage\parts\content-related_events_coming_up.php on line 8

2023-06-29T11:52:00+00:00 CRITICAL Uncaught Error: Call to a member function get_upsell_ids() on null in D:\xampp\htdocs\gemain.cda-development3.co.uk\wp-content\themes\GlobalEngage\parts\content-related_events_coming_up.php:8
Stack trace:
#0 D:\xampp\htdocs\gemain.cda-development3.co.uk\wp-includes\template.php(785): require()
#1 D:\xampp\htdocs\gemain.cda-development3.co.uk\wp-includes\template.php(718): load_template('D:\\xampp\\htdocs...', false, Array)
#2 D:\xampp\htdocs\gemain.cda-development3.co.uk\wp-includes\general-template.php(204): locate_template(Array, true, false, Array)
#3 D:\xampp\htdocs\gemain.cda-development3.co.uk\wp-content\themes\GlobalEngage\404.php(112): get_template_part('parts/content', 'related_events_...')
#4 D:\xampp\htdocs\gemain.cda-development3.co.uk\wp-includes\template-loader.php(106): include('D:\\xampp\\htdocs...')
#5 D:\xampp\htdocs\gemain.cda-development3.co.uk\wp-blog-header.php(19): require_once('D:\\xampp\\htdocs...')
#6 D:\xampp\htdocs\gemain.cda-development3.co.uk\index.php(17): require('D:\\xampp\\htdocs...')
#7 {main}
  thrown in D:\xampp\htdocs\gemain.cda-development3.co.uk\wp-content\themes\GlobalEngage\parts\content-related_events_coming_up.php on line 8

2023-06-29T12:06:23+00:00 CRITICAL syntax error, unexpected end of file, expecting "elseif" or "else" or "endif" in D:\xampp\htdocs\gemain.cda-development3.co.uk\wp-content\themes\GlobalEngage\woocommerce\checkout\form-checkout.php on line 180

2023-06-29T12:07:03+00:00 CRITICAL Uncaught Error: Call to a member function get_upsell_ids() on null in D:\xampp\htdocs\gemain.cda-development3.co.uk\wp-content\themes\GlobalEngage\parts\content-related_events_coming_up.php:8
Stack trace:
#0 D:\xampp\htdocs\gemain.cda-development3.co.uk\wp-includes\template.php(785): require()
#1 D:\xampp\htdocs\gemain.cda-development3.co.uk\wp-includes\template.php(718): load_template('D:\\xampp\\htdocs...', false, Array)
#2 D:\xampp\htdocs\gemain.cda-development3.co.uk\wp-includes\general-template.php(204): locate_template(Array, true, false, Array)
#3 D:\xampp\htdocs\gemain.cda-development3.co.uk\wp-content\themes\GlobalEngage\404.php(112): get_template_part('parts/content', 'related_events_...')
#4 D:\xampp\htdocs\gemain.cda-development3.co.uk\wp-includes\template-loader.php(106): include('D:\\xampp\\htdocs...')
#5 D:\xampp\htdocs\gemain.cda-development3.co.uk\wp-blog-header.php(19): require_once('D:\\xampp\\htdocs...')
#6 D:\xampp\htdocs\gemain.cda-development3.co.uk\index.php(17): require('D:\\xampp\\htdocs...')
#7 {main}
  thrown in D:\xampp\htdocs\gemain.cda-development3.co.uk\wp-content\themes\GlobalEngage\parts\content-related_events_coming_up.php on line 8

2023-06-29T12:07:03+00:00 CRITICAL Uncaught Error: Call to a member function get_upsell_ids() on null in D:\xampp\htdocs\gemain.cda-development3.co.uk\wp-content\themes\GlobalEngage\parts\content-related_events_coming_up.php:8
Stack trace:
#0 D:\xampp\htdocs\gemain.cda-development3.co.uk\wp-includes\template.php(785): require()
#1 D:\xampp\htdocs\gemain.cda-development3.co.uk\wp-includes\template.php(718): load_template('D:\\xampp\\htdocs...', false, Array)
#2 D:\xampp\htdocs\gemain.cda-development3.co.uk\wp-includes\general-template.php(204): locate_template(Array, true, false, Array)
#3 D:\xampp\htdocs\gemain.cda-development3.co.uk\wp-content\themes\GlobalEngage\404.php(112): get_template_part('parts/content', 'related_events_...')
#4 D:\xampp\htdocs\gemain.cda-development3.co.uk\wp-includes\template-loader.php(106): include('D:\\xampp\\htdocs...')
#5 D:\xampp\htdocs\gemain.cda-development3.co.uk\wp-blog-header.php(19): require_once('D:\\xampp\\htdocs...')
#6 D:\xampp\htdocs\gemain.cda-development3.co.uk\index.php(17): require('D:\\xampp\\htdocs...')
#7 {main}
  thrown in D:\xampp\htdocs\gemain.cda-development3.co.uk\wp-content\themes\GlobalEngage\parts\content-related_events_coming_up.php on line 8

2023-06-29T12:07:03+00:00 CRITICAL Uncaught Error: Call to a member function get_upsell_ids() on null in D:\xampp\htdocs\gemain.cda-development3.co.uk\wp-content\themes\GlobalEngage\parts\content-related_events_coming_up.php:8
Stack trace:
#0 D:\xampp\htdocs\gemain.cda-development3.co.uk\wp-includes\template.php(785): require()
#1 D:\xampp\htdocs\gemain.cda-development3.co.uk\wp-includes\template.php(718): load_template('D:\\xampp\\htdocs...', false, Array)
#2 D:\xampp\htdocs\gemain.cda-development3.co.uk\wp-includes\general-template.php(204): locate_template(Array, true, false, Array)
#3 D:\xampp\htdocs\gemain.cda-development3.co.uk\wp-content\themes\GlobalEngage\404.php(112): get_template_part('parts/content', 'related_events_...')
#4 D:\xampp\htdocs\gemain.cda-development3.co.uk\wp-includes\template-loader.php(106): include('D:\\xampp\\htdocs...')
#5 D:\xampp\htdocs\gemain.cda-development3.co.uk\wp-blog-header.php(19): require_once('D:\\xampp\\htdocs...')
#6 D:\xampp\htdocs\gemain.cda-development3.co.uk\index.php(17): require('D:\\xampp\\htdocs...')
#7 {main}
  thrown in D:\xampp\htdocs\gemain.cda-development3.co.uk\wp-content\themes\GlobalEngage\parts\content-related_events_coming_up.php on line 8

2023-06-29T12:07:03+00:00 CRITICAL Uncaught Error: Call to a member function get_upsell_ids() on null in D:\xampp\htdocs\gemain.cda-development3.co.uk\wp-content\themes\GlobalEngage\parts\content-related_events_coming_up.php:8
Stack trace:
#0 D:\xampp\htdocs\gemain.cda-development3.co.uk\wp-includes\template.php(785): require()
#1 D:\xampp\htdocs\gemain.cda-development3.co.uk\wp-includes\template.php(718): load_template('D:\\xampp\\htdocs...', false, Array)
#2 D:\xampp\htdocs\gemain.cda-development3.co.uk\wp-includes\general-template.php(204): locate_template(Array, true, false, Array)
#3 D:\xampp\htdocs\gemain.cda-development3.co.uk\wp-content\themes\GlobalEngage\404.php(112): get_template_part('parts/content', 'related_events_...')
#4 D:\xampp\htdocs\gemain.cda-development3.co.uk\wp-includes\template-loader.php(106): include('D:\\xampp\\htdocs...')
#5 D:\xampp\htdocs\gemain.cda-development3.co.uk\wp-blog-header.php(19): require_once('D:\\xampp\\htdocs...')
#6 D:\xampp\htdocs\gemain.cda-development3.co.uk\index.php(17): require('D:\\xampp\\htdocs...')
#7 {main}
  thrown in D:\xampp\htdocs\gemain.cda-development3.co.uk\wp-content\themes\GlobalEngage\parts\content-related_events_coming_up.php on line 8

2023-06-29T12:07:03+00:00 CRITICAL Uncaught Error: Call to a member function get_upsell_ids() on null in D:\xampp\htdocs\gemain.cda-development3.co.uk\wp-content\themes\GlobalEngage\parts\content-related_events_coming_up.php:8
Stack trace:
#0 D:\xampp\htdocs\gemain.cda-development3.co.uk\wp-includes\template.php(785): require()
#1 D:\xampp\htdocs\gemain.cda-development3.co.uk\wp-includes\template.php(718): load_template('D:\\xampp\\htdocs...', false, Array)
#2 D:\xampp\htdocs\gemain.cda-development3.co.uk\wp-includes\general-template.php(204): locate_template(Array, true, false, Array)
#3 D:\xampp\htdocs\gemain.cda-development3.co.uk\wp-content\themes\GlobalEngage\404.php(112): get_template_part('parts/content', 'related_events_...')
#4 D:\xampp\htdocs\gemain.cda-development3.co.uk\wp-includes\template-loader.php(106): include('D:\\xampp\\htdocs...')
#5 D:\xampp\htdocs\gemain.cda-development3.co.uk\wp-blog-header.php(19): require_once('D:\\xampp\\htdocs...')
#6 D:\xampp\htdocs\gemain.cda-development3.co.uk\index.php(17): require('D:\\xampp\\htdocs...')
#7 {main}
  thrown in D:\xampp\htdocs\gemain.cda-development3.co.uk\wp-content\themes\GlobalEngage\parts\content-related_events_coming_up.php on line 8

2023-06-29T12:07:05+00:00 CRITICAL Uncaught Error: Call to a member function get_upsell_ids() on null in D:\xampp\htdocs\gemain.cda-development3.co.uk\wp-content\themes\GlobalEngage\parts\content-related_events_coming_up.php:8
Stack trace:
#0 D:\xampp\htdocs\gemain.cda-development3.co.uk\wp-includes\template.php(785): require()
#1 D:\xampp\htdocs\gemain.cda-development3.co.uk\wp-includes\template.php(718): load_template('D:\\xampp\\htdocs...', false, Array)
#2 D:\xampp\htdocs\gemain.cda-development3.co.uk\wp-includes\general-template.php(204): locate_template(Array, true, false, Array)
#3 D:\xampp\htdocs\gemain.cda-development3.co.uk\wp-content\themes\GlobalEngage\404.php(112): get_template_part('parts/content', 'related_events_...')
#4 D:\xampp\htdocs\gemain.cda-development3.co.uk\wp-includes\template-loader.php(106): include('D:\\xampp\\htdocs...')
#5 D:\xampp\htdocs\gemain.cda-development3.co.uk\wp-blog-header.php(19): require_once('D:\\xampp\\htdocs...')
#6 D:\xampp\htdocs\gemain.cda-development3.co.uk\index.php(17): require('D:\\xampp\\htdocs...')
#7 {main}
  thrown in D:\xampp\htdocs\gemain.cda-development3.co.uk\wp-content\themes\GlobalEngage\parts\content-related_events_coming_up.php on line 8

2023-06-29T12:07:08+00:00 CRITICAL Uncaught Error: Call to a member function get_upsell_ids() on null in D:\xampp\htdocs\gemain.cda-development3.co.uk\wp-content\themes\GlobalEngage\parts\content-related_events_coming_up.php:8
Stack trace:
#0 D:\xampp\htdocs\gemain.cda-development3.co.uk\wp-includes\template.php(785): require()
#1 D:\xampp\htdocs\gemain.cda-development3.co.uk\wp-includes\template.php(718): load_template('D:\\xampp\\htdocs...', false, Array)
#2 D:\xampp\htdocs\gemain.cda-development3.co.uk\wp-includes\general-template.php(204): locate_template(Array, true, false, Array)
#3 D:\xampp\htdocs\gemain.cda-development3.co.uk\wp-content\themes\GlobalEngage\404.php(112): get_template_part('parts/content', 'related_events_...')
#4 D:\xampp\htdocs\gemain.cda-development3.co.uk\wp-includes\template-loader.php(106): include('D:\\xampp\\htdocs...')
#5 D:\xampp\htdocs\gemain.cda-development3.co.uk\wp-blog-header.php(19): require_once('D:\\xampp\\htdocs...')
#6 D:\xampp\htdocs\gemain.cda-development3.co.uk\index.php(17): require('D:\\xampp\\htdocs...')
#7 {main}
  thrown in D:\xampp\htdocs\gemain.cda-development3.co.uk\wp-content\themes\GlobalEngage\parts\content-related_events_coming_up.php on line 8

2023-06-29T12:07:56+00:00 CRITICAL Uncaught Error: Call to a member function get_upsell_ids() on null in D:\xampp\htdocs\gemain.cda-development3.co.uk\wp-content\themes\GlobalEngage\parts\content-related_events_coming_up.php:8
Stack trace:
#0 D:\xampp\htdocs\gemain.cda-development3.co.uk\wp-includes\template.php(785): require()
#1 D:\xampp\htdocs\gemain.cda-development3.co.uk\wp-includes\template.php(718): load_template('D:\\xampp\\htdocs...', false, Array)
#2 D:\xampp\htdocs\gemain.cda-development3.co.uk\wp-includes\general-template.php(204): locate_template(Array, true, false, Array)
#3 D:\xampp\htdocs\gemain.cda-development3.co.uk\wp-content\themes\GlobalEngage\404.php(112): get_template_part('parts/content', 'related_events_...')
#4 D:\xampp\htdocs\gemain.cda-development3.co.uk\wp-includes\template-loader.php(106): include('D:\\xampp\\htdocs...')
#5 D:\xampp\htdocs\gemain.cda-development3.co.uk\wp-blog-header.php(19): require_once('D:\\xampp\\htdocs...')
#6 D:\xampp\htdocs\gemain.cda-development3.co.uk\index.php(17): require('D:\\xampp\\htdocs...')
#7 {main}
  thrown in D:\xampp\htdocs\gemain.cda-development3.co.uk\wp-content\themes\GlobalEngage\parts\content-related_events_coming_up.php on line 8

2023-06-29T12:07:56+00:00 CRITICAL Uncaught Error: Call to a member function get_upsell_ids() on null in D:\xampp\htdocs\gemain.cda-development3.co.uk\wp-content\themes\GlobalEngage\parts\content-related_events_coming_up.php:8
Stack trace:
#0 D:\xampp\htdocs\gemain.cda-development3.co.uk\wp-includes\template.php(785): require()
#1 D:\xampp\htdocs\gemain.cda-development3.co.uk\wp-includes\template.php(718): load_template('D:\\xampp\\htdocs...', false, Array)
#2 D:\xampp\htdocs\gemain.cda-development3.co.uk\wp-includes\general-template.php(204): locate_template(Array, true, false, Array)
#3 D:\xampp\htdocs\gemain.cda-development3.co.uk\wp-content\themes\GlobalEngage\404.php(112): get_template_part('parts/content', 'related_events_...')
#4 D:\xampp\htdocs\gemain.cda-development3.co.uk\wp-includes\template-loader.php(106): include('D:\\xampp\\htdocs...')
#5 D:\xampp\htdocs\gemain.cda-development3.co.uk\wp-blog-header.php(19): require_once('D:\\xampp\\htdocs...')
#6 D:\xampp\htdocs\gemain.cda-development3.co.uk\index.php(17): require('D:\\xampp\\htdocs...')
#7 {main}
  thrown in D:\xampp\htdocs\gemain.cda-development3.co.uk\wp-content\themes\GlobalEngage\parts\content-related_events_coming_up.php on line 8

2023-06-29T12:07:56+00:00 CRITICAL Uncaught Error: Call to a member function get_upsell_ids() on null in D:\xampp\htdocs\gemain.cda-development3.co.uk\wp-content\themes\GlobalEngage\parts\content-related_events_coming_up.php:8
Stack trace:
#0 D:\xampp\htdocs\gemain.cda-development3.co.uk\wp-includes\template.php(785): require()
#1 D:\xampp\htdocs\gemain.cda-development3.co.uk\wp-includes\template.php(718): load_template('D:\\xampp\\htdocs...', false, Array)
#2 D:\xampp\htdocs\gemain.cda-development3.co.uk\wp-includes\general-template.php(204): locate_template(Array, true, false, Array)
#3 D:\xampp\htdocs\gemain.cda-development3.co.uk\wp-content\themes\GlobalEngage\404.php(112): get_template_part('parts/content', 'related_events_...')
#4 D:\xampp\htdocs\gemain.cda-development3.co.uk\wp-includes\template-loader.php(106): include('D:\\xampp\\htdocs...')
#5 D:\xampp\htdocs\gemain.cda-development3.co.uk\wp-blog-header.php(19): require_once('D:\\xampp\\htdocs...')
#6 D:\xampp\htdocs\gemain.cda-development3.co.uk\index.php(17): require('D:\\xampp\\htdocs...')
#7 {main}
  thrown in D:\xampp\htdocs\gemain.cda-development3.co.uk\wp-content\themes\GlobalEngage\parts\content-related_events_coming_up.php on line 8

2023-06-29T12:07:56+00:00 CRITICAL Uncaught Error: Call to a member function get_upsell_ids() on null in D:\xampp\htdocs\gemain.cda-development3.co.uk\wp-content\themes\GlobalEngage\parts\content-related_events_coming_up.php:8
Stack trace:
#0 D:\xampp\htdocs\gemain.cda-development3.co.uk\wp-includes\template.php(785): require()
#1 D:\xampp\htdocs\gemain.cda-development3.co.uk\wp-includes\template.php(718): load_template('D:\\xampp\\htdocs...', false, Array)
#2 D:\xampp\htdocs\gemain.cda-development3.co.uk\wp-includes\general-template.php(204): locate_template(Array, true, false, Array)
#3 D:\xampp\htdocs\gemain.cda-development3.co.uk\wp-content\themes\GlobalEngage\404.php(112): get_template_part('parts/content', 'related_events_...')
#4 D:\xampp\htdocs\gemain.cda-development3.co.uk\wp-includes\template-loader.php(106): include('D:\\xampp\\htdocs...')
#5 D:\xampp\htdocs\gemain.cda-development3.co.uk\wp-blog-header.php(19): require_once('D:\\xampp\\htdocs...')
#6 D:\xampp\htdocs\gemain.cda-development3.co.uk\index.php(17): require('D:\\xampp\\htdocs...')
#7 {main}
  thrown in D:\xampp\htdocs\gemain.cda-development3.co.uk\wp-content\themes\GlobalEngage\parts\content-related_events_coming_up.php on line 8

2023-06-29T12:07:56+00:00 CRITICAL Uncaught Error: Call to a member function get_upsell_ids() on null in D:\xampp\htdocs\gemain.cda-development3.co.uk\wp-content\themes\GlobalEngage\parts\content-related_events_coming_up.php:8
Stack trace:
#0 D:\xampp\htdocs\gemain.cda-development3.co.uk\wp-includes\template.php(785): require()
#1 D:\xampp\htdocs\gemain.cda-development3.co.uk\wp-includes\template.php(718): load_template('D:\\xampp\\htdocs...', false, Array)
#2 D:\xampp\htdocs\gemain.cda-development3.co.uk\wp-includes\general-template.php(204): locate_template(Array, true, false, Array)
#3 D:\xampp\htdocs\gemain.cda-development3.co.uk\wp-content\themes\GlobalEngage\404.php(112): get_template_part('parts/content', 'related_events_...')
#4 D:\xampp\htdocs\gemain.cda-development3.co.uk\wp-includes\template-loader.php(106): include('D:\\xampp\\htdocs...')
#5 D:\xampp\htdocs\gemain.cda-development3.co.uk\wp-blog-header.php(19): require_once('D:\\xampp\\htdocs...')
#6 D:\xampp\htdocs\gemain.cda-development3.co.uk\index.php(17): require('D:\\xampp\\htdocs...')
#7 {main}
  thrown in D:\xampp\htdocs\gemain.cda-development3.co.uk\wp-content\themes\GlobalEngage\parts\content-related_events_coming_up.php on line 8

2023-06-29T12:07:59+00:00 CRITICAL Uncaught Error: Call to a member function get_upsell_ids() on null in D:\xampp\htdocs\gemain.cda-development3.co.uk\wp-content\themes\GlobalEngage\parts\content-related_events_coming_up.php:8
Stack trace:
#0 D:\xampp\htdocs\gemain.cda-development3.co.uk\wp-includes\template.php(785): require()
#1 D:\xampp\htdocs\gemain.cda-development3.co.uk\wp-includes\template.php(718): load_template('D:\\xampp\\htdocs...', false, Array)
#2 D:\xampp\htdocs\gemain.cda-development3.co.uk\wp-includes\general-template.php(204): locate_template(Array, true, false, Array)
#3 D:\xampp\htdocs\gemain.cda-development3.co.uk\wp-content\themes\GlobalEngage\404.php(112): get_template_part('parts/content', 'related_events_...')
#4 D:\xampp\htdocs\gemain.cda-development3.co.uk\wp-includes\template-loader.php(106): include('D:\\xampp\\htdocs...')
#5 D:\xampp\htdocs\gemain.cda-development3.co.uk\wp-blog-header.php(19): require_once('D:\\xampp\\htdocs...')
#6 D:\xampp\htdocs\gemain.cda-development3.co.uk\index.php(17): require('D:\\xampp\\htdocs...')
#7 {main}
  thrown in D:\xampp\htdocs\gemain.cda-development3.co.uk\wp-content\themes\GlobalEngage\parts\content-related_events_coming_up.php on line 8

2023-06-29T12:08:01+00:00 CRITICAL Uncaught Error: Call to a member function get_upsell_ids() on null in D:\xampp\htdocs\gemain.cda-development3.co.uk\wp-content\themes\GlobalEngage\parts\content-related_events_coming_up.php:8
Stack trace:
#0 D:\xampp\htdocs\gemain.cda-development3.co.uk\wp-includes\template.php(785): require()
#1 D:\xampp\htdocs\gemain.cda-development3.co.uk\wp-includes\template.php(718): load_template('D:\\xampp\\htdocs...', false, Array)
#2 D:\xampp\htdocs\gemain.cda-development3.co.uk\wp-includes\general-template.php(204): locate_template(Array, true, false, Array)
#3 D:\xampp\htdocs\gemain.cda-development3.co.uk\wp-content\themes\GlobalEngage\404.php(112): get_template_part('parts/content', 'related_events_...')
#4 D:\xampp\htdocs\gemain.cda-development3.co.uk\wp-includes\template-loader.php(106): include('D:\\xampp\\htdocs...')
#5 D:\xampp\htdocs\gemain.cda-development3.co.uk\wp-blog-header.php(19): require_once('D:\\xampp\\htdocs...')
#6 D:\xampp\htdocs\gemain.cda-development3.co.uk\index.php(17): require('D:\\xampp\\htdocs...')
#7 {main}
  thrown in D:\xampp\htdocs\gemain.cda-development3.co.uk\wp-content\themes\GlobalEngage\parts\content-related_events_coming_up.php on line 8

2023-06-29T12:08:14+00:00 CRITICAL Uncaught Error: Call to a member function get_upsell_ids() on null in D:\xampp\htdocs\gemain.cda-development3.co.uk\wp-content\themes\GlobalEngage\parts\content-related_events_coming_up.php:8
Stack trace:
#0 D:\xampp\htdocs\gemain.cda-development3.co.uk\wp-includes\template.php(785): require()
#1 D:\xampp\htdocs\gemain.cda-development3.co.uk\wp-includes\template.php(718): load_template('D:\\xampp\\htdocs...', false, Array)
#2 D:\xampp\htdocs\gemain.cda-development3.co.uk\wp-includes\general-template.php(204): locate_template(Array, true, false, Array)
#3 D:\xampp\htdocs\gemain.cda-development3.co.uk\wp-content\themes\GlobalEngage\404.php(112): get_template_part('parts/content', 'related_events_...')
#4 D:\xampp\htdocs\gemain.cda-development3.co.uk\wp-includes\template-loader.php(106): include('D:\\xampp\\htdocs...')
#5 D:\xampp\htdocs\gemain.cda-development3.co.uk\wp-blog-header.php(19): require_once('D:\\xampp\\htdocs...')
#6 D:\xampp\htdocs\gemain.cda-development3.co.uk\index.php(17): require('D:\\xampp\\htdocs...')
#7 {main}
  thrown in D:\xampp\htdocs\gemain.cda-development3.co.uk\wp-content\themes\GlobalEngage\parts\content-related_events_coming_up.php on line 8

2023-06-29T12:08:14+00:00 CRITICAL Uncaught Error: Call to a member function get_upsell_ids() on null in D:\xampp\htdocs\gemain.cda-development3.co.uk\wp-content\themes\GlobalEngage\parts\content-related_events_coming_up.php:8
Stack trace:
#0 D:\xampp\htdocs\gemain.cda-development3.co.uk\wp-includes\template.php(785): require()
#1 D:\xampp\htdocs\gemain.cda-development3.co.uk\wp-includes\template.php(718): load_template('D:\\xampp\\htdocs...', false, Array)
#2 D:\xampp\htdocs\gemain.cda-development3.co.uk\wp-includes\general-template.php(204): locate_template(Array, true, false, Array)
#3 D:\xampp\htdocs\gemain.cda-development3.co.uk\wp-content\themes\GlobalEngage\404.php(112): get_template_part('parts/content', 'related_events_...')
#4 D:\xampp\htdocs\gemain.cda-development3.co.uk\wp-includes\template-loader.php(106): include('D:\\xampp\\htdocs...')
#5 D:\xampp\htdocs\gemain.cda-development3.co.uk\wp-blog-header.php(19): require_once('D:\\xampp\\htdocs...')
#6 D:\xampp\htdocs\gemain.cda-development3.co.uk\index.php(17): require('D:\\xampp\\htdocs...')
#7 {main}
  thrown in D:\xampp\htdocs\gemain.cda-development3.co.uk\wp-content\themes\GlobalEngage\parts\content-related_events_coming_up.php on line 8

2023-06-29T12:08:14+00:00 CRITICAL Uncaught Error: Call to a member function get_upsell_ids() on null in D:\xampp\htdocs\gemain.cda-development3.co.uk\wp-content\themes\GlobalEngage\parts\content-related_events_coming_up.php:8
Stack trace:
#0 D:\xampp\htdocs\gemain.cda-development3.co.uk\wp-includes\template.php(785): require()
#1 D:\xampp\htdocs\gemain.cda-development3.co.uk\wp-includes\template.php(718): load_template('D:\\xampp\\htdocs...', false, Array)
#2 D:\xampp\htdocs\gemain.cda-development3.co.uk\wp-includes\general-template.php(204): locate_template(Array, true, false, Array)
#3 D:\xampp\htdocs\gemain.cda-development3.co.uk\wp-content\themes\GlobalEngage\404.php(112): get_template_part('parts/content', 'related_events_...')
#4 D:\xampp\htdocs\gemain.cda-development3.co.uk\wp-includes\template-loader.php(106): include('D:\\xampp\\htdocs...')
#5 D:\xampp\htdocs\gemain.cda-development3.co.uk\wp-blog-header.php(19): require_once('D:\\xampp\\htdocs...')
#6 D:\xampp\htdocs\gemain.cda-development3.co.uk\index.php(17): require('D:\\xampp\\htdocs...')
#7 {main}
  thrown in D:\xampp\htdocs\gemain.cda-development3.co.uk\wp-content\themes\GlobalEngage\parts\content-related_events_coming_up.php on line 8

2023-06-29T12:08:14+00:00 CRITICAL Uncaught Error: Call to a member function get_upsell_ids() on null in D:\xampp\htdocs\gemain.cda-development3.co.uk\wp-content\themes\GlobalEngage\parts\content-related_events_coming_up.php:8
Stack trace:
#0 D:\xampp\htdocs\gemain.cda-development3.co.uk\wp-includes\template.php(785): require()
#1 D:\xampp\htdocs\gemain.cda-development3.co.uk\wp-includes\template.php(718): load_template('D:\\xampp\\htdocs...', false, Array)
#2 D:\xampp\htdocs\gemain.cda-development3.co.uk\wp-includes\general-template.php(204): locate_template(Array, true, false, Array)
#3 D:\xampp\htdocs\gemain.cda-development3.co.uk\wp-content\themes\GlobalEngage\404.php(112): get_template_part('parts/content', 'related_events_...')
#4 D:\xampp\htdocs\gemain.cda-development3.co.uk\wp-includes\template-loader.php(106): include('D:\\xampp\\htdocs...')
#5 D:\xampp\htdocs\gemain.cda-development3.co.uk\wp-blog-header.php(19): require_once('D:\\xampp\\htdocs...')
#6 D:\xampp\htdocs\gemain.cda-development3.co.uk\index.php(17): require('D:\\xampp\\htdocs...')
#7 {main}
  thrown in D:\xampp\htdocs\gemain.cda-development3.co.uk\wp-content\themes\GlobalEngage\parts\content-related_events_coming_up.php on line 8

2023-06-29T12:08:14+00:00 CRITICAL Uncaught Error: Call to a member function get_upsell_ids() on null in D:\xampp\htdocs\gemain.cda-development3.co.uk\wp-content\themes\GlobalEngage\parts\content-related_events_coming_up.php:8
Stack trace:
#0 D:\xampp\htdocs\gemain.cda-development3.co.uk\wp-includes\template.php(785): require()
#1 D:\xampp\htdocs\gemain.cda-development3.co.uk\wp-includes\template.php(718): load_template('D:\\xampp\\htdocs...', false, Array)
#2 D:\xampp\htdocs\gemain.cda-development3.co.uk\wp-includes\general-template.php(204): locate_template(Array, true, false, Array)
#3 D:\xampp\htdocs\gemain.cda-development3.co.uk\wp-content\themes\GlobalEngage\404.php(112): get_template_part('parts/content', 'related_events_...')
#4 D:\xampp\htdocs\gemain.cda-development3.co.uk\wp-includes\template-loader.php(106): include('D:\\xampp\\htdocs...')
#5 D:\xampp\htdocs\gemain.cda-development3.co.uk\wp-blog-header.php(19): require_once('D:\\xampp\\htdocs...')
#6 D:\xampp\htdocs\gemain.cda-development3.co.uk\index.php(17): require('D:\\xampp\\htdocs...')
#7 {main}
  thrown in D:\xampp\htdocs\gemain.cda-development3.co.uk\wp-content\themes\GlobalEngage\parts\content-related_events_coming_up.php on line 8

2023-06-29T12:08:16+00:00 CRITICAL Uncaught Error: Call to a member function get_upsell_ids() on null in D:\xampp\htdocs\gemain.cda-development3.co.uk\wp-content\themes\GlobalEngage\parts\content-related_events_coming_up.php:8
Stack trace:
#0 D:\xampp\htdocs\gemain.cda-development3.co.uk\wp-includes\template.php(785): require()
#1 D:\xampp\htdocs\gemain.cda-development3.co.uk\wp-includes\template.php(718): load_template('D:\\xampp\\htdocs...', false, Array)
#2 D:\xampp\htdocs\gemain.cda-development3.co.uk\wp-includes\general-template.php(204): locate_template(Array, true, false, Array)
#3 D:\xampp\htdocs\gemain.cda-development3.co.uk\wp-content\themes\GlobalEngage\404.php(112): get_template_part('parts/content', 'related_events_...')
#4 D:\xampp\htdocs\gemain.cda-development3.co.uk\wp-includes\template-loader.php(106): include('D:\\xampp\\htdocs...')
#5 D:\xampp\htdocs\gemain.cda-development3.co.uk\wp-blog-header.php(19): require_once('D:\\xampp\\htdocs...')
#6 D:\xampp\htdocs\gemain.cda-development3.co.uk\index.php(17): require('D:\\xampp\\htdocs...')
#7 {main}
  thrown in D:\xampp\htdocs\gemain.cda-development3.co.uk\wp-content\themes\GlobalEngage\parts\content-related_events_coming_up.php on line 8

2023-06-29T12:08:19+00:00 CRITICAL Uncaught Error: Call to a member function get_upsell_ids() on null in D:\xampp\htdocs\gemain.cda-development3.co.uk\wp-content\themes\GlobalEngage\parts\content-related_events_coming_up.php:8
Stack trace:
#0 D:\xampp\htdocs\gemain.cda-development3.co.uk\wp-includes\template.php(785): require()
#1 D:\xampp\htdocs\gemain.cda-development3.co.uk\wp-includes\template.php(718): load_template('D:\\xampp\\htdocs...', false, Array)
#2 D:\xampp\htdocs\gemain.cda-development3.co.uk\wp-includes\general-template.php(204): locate_template(Array, true, false, Array)
#3 D:\xampp\htdocs\gemain.cda-development3.co.uk\wp-content\themes\GlobalEngage\404.php(112): get_template_part('parts/content', 'related_events_...')
#4 D:\xampp\htdocs\gemain.cda-development3.co.uk\wp-includes\template-loader.php(106): include('D:\\xampp\\htdocs...')
#5 D:\xampp\htdocs\gemain.cda-development3.co.uk\wp-blog-header.php(19): require_once('D:\\xampp\\htdocs...')
#6 D:\xampp\htdocs\gemain.cda-development3.co.uk\index.php(17): require('D:\\xampp\\htdocs...')
#7 {main}
  thrown in D:\xampp\htdocs\gemain.cda-development3.co.uk\wp-content\themes\GlobalEngage\parts\content-related_events_coming_up.php on line 8

2023-06-29T12:08:52+00:00 CRITICAL Uncaught Error: Call to a member function get_upsell_ids() on null in D:\xampp\htdocs\gemain.cda-development3.co.uk\wp-content\themes\GlobalEngage\parts\content-related_events_coming_up.php:8
Stack trace:
#0 D:\xampp\htdocs\gemain.cda-development3.co.uk\wp-includes\template.php(785): require()
#1 D:\xampp\htdocs\gemain.cda-development3.co.uk\wp-includes\template.php(718): load_template('D:\\xampp\\htdocs...', false, Array)
#2 D:\xampp\htdocs\gemain.cda-development3.co.uk\wp-includes\general-template.php(204): locate_template(Array, true, false, Array)
#3 D:\xampp\htdocs\gemain.cda-development3.co.uk\wp-content\themes\GlobalEngage\404.php(112): get_template_part('parts/content', 'related_events_...')
#4 D:\xampp\htdocs\gemain.cda-development3.co.uk\wp-includes\template-loader.php(106): include('D:\\xampp\\htdocs...')
#5 D:\xampp\htdocs\gemain.cda-development3.co.uk\wp-blog-header.php(19): require_once('D:\\xampp\\htdocs...')
#6 D:\xampp\htdocs\gemain.cda-development3.co.uk\index.php(17): require('D:\\xampp\\htdocs...')
#7 {main}
  thrown in D:\xampp\htdocs\gemain.cda-development3.co.uk\wp-content\themes\GlobalEngage\parts\content-related_events_coming_up.php on line 8

2023-06-29T12:08:52+00:00 CRITICAL Uncaught Error: Call to a member function get_upsell_ids() on null in D:\xampp\htdocs\gemain.cda-development3.co.uk\wp-content\themes\GlobalEngage\parts\content-related_events_coming_up.php:8
Stack trace:
#0 D:\xampp\htdocs\gemain.cda-development3.co.uk\wp-includes\template.php(785): require()
#1 D:\xampp\htdocs\gemain.cda-development3.co.uk\wp-includes\template.php(718): load_template('D:\\xampp\\htdocs...', false, Array)
#2 D:\xampp\htdocs\gemain.cda-development3.co.uk\wp-includes\general-template.php(204): locate_template(Array, true, false, Array)
#3 D:\xampp\htdocs\gemain.cda-development3.co.uk\wp-content\themes\GlobalEngage\404.php(112): get_template_part('parts/content', 'related_events_...')
#4 D:\xampp\htdocs\gemain.cda-development3.co.uk\wp-includes\template-loader.php(106): include('D:\\xampp\\htdocs...')
#5 D:\xampp\htdocs\gemain.cda-development3.co.uk\wp-blog-header.php(19): require_once('D:\\xampp\\htdocs...')
#6 D:\xampp\htdocs\gemain.cda-development3.co.uk\index.php(17): require('D:\\xampp\\htdocs...')
#7 {main}
  thrown in D:\xampp\htdocs\gemain.cda-development3.co.uk\wp-content\themes\GlobalEngage\parts\content-related_events_coming_up.php on line 8

2023-06-29T12:08:52+00:00 CRITICAL Uncaught Error: Call to a member function get_upsell_ids() on null in D:\xampp\htdocs\gemain.cda-development3.co.uk\wp-content\themes\GlobalEngage\parts\content-related_events_coming_up.php:8
Stack trace:
#0 D:\xampp\htdocs\gemain.cda-development3.co.uk\wp-includes\template.php(785): require()
#1 D:\xampp\htdocs\gemain.cda-development3.co.uk\wp-includes\template.php(718): load_template('D:\\xampp\\htdocs...', false, Array)
#2 D:\xampp\htdocs\gemain.cda-development3.co.uk\wp-includes\general-template.php(204): locate_template(Array, true, false, Array)
#3 D:\xampp\htdocs\gemain.cda-development3.co.uk\wp-content\themes\GlobalEngage\404.php(112): get_template_part('parts/content', 'related_events_...')
#4 D:\xampp\htdocs\gemain.cda-development3.co.uk\wp-includes\template-loader.php(106): include('D:\\xampp\\htdocs...')
#5 D:\xampp\htdocs\gemain.cda-development3.co.uk\wp-blog-header.php(19): require_once('D:\\xampp\\htdocs...')
#6 D:\xampp\htdocs\gemain.cda-development3.co.uk\index.php(17): require('D:\\xampp\\htdocs...')
#7 {main}
  thrown in D:\xampp\htdocs\gemain.cda-development3.co.uk\wp-content\themes\GlobalEngage\parts\content-related_events_coming_up.php on line 8

2023-06-29T12:08:52+00:00 CRITICAL Uncaught Error: Call to a member function get_upsell_ids() on null in D:\xampp\htdocs\gemain.cda-development3.co.uk\wp-content\themes\GlobalEngage\parts\content-related_events_coming_up.php:8
Stack trace:
#0 D:\xampp\htdocs\gemain.cda-development3.co.uk\wp-includes\template.php(785): require()
#1 D:\xampp\htdocs\gemain.cda-development3.co.uk\wp-includes\template.php(718): load_template('D:\\xampp\\htdocs...', false, Array)
#2 D:\xampp\htdocs\gemain.cda-development3.co.uk\wp-includes\general-template.php(204): locate_template(Array, true, false, Array)
#3 D:\xampp\htdocs\gemain.cda-development3.co.uk\wp-content\themes\GlobalEngage\404.php(112): get_template_part('parts/content', 'related_events_...')
#4 D:\xampp\htdocs\gemain.cda-development3.co.uk\wp-includes\template-loader.php(106): include('D:\\xampp\\htdocs...')
#5 D:\xampp\htdocs\gemain.cda-development3.co.uk\wp-blog-header.php(19): require_once('D:\\xampp\\htdocs...')
#6 D:\xampp\htdocs\gemain.cda-development3.co.uk\index.php(17): require('D:\\xampp\\htdocs...')
#7 {main}
  thrown in D:\xampp\htdocs\gemain.cda-development3.co.uk\wp-content\themes\GlobalEngage\parts\content-related_events_coming_up.php on line 8

2023-06-29T12:08:52+00:00 CRITICAL Uncaught Error: Call to a member function get_upsell_ids() on null in D:\xampp\htdocs\gemain.cda-development3.co.uk\wp-content\themes\GlobalEngage\parts\content-related_events_coming_up.php:8
Stack trace:
#0 D:\xampp\htdocs\gemain.cda-development3.co.uk\wp-includes\template.php(785): require()
#1 D:\xampp\htdocs\gemain.cda-development3.co.uk\wp-includes\template.php(718): load_template('D:\\xampp\\htdocs...', false, Array)
#2 D:\xampp\htdocs\gemain.cda-development3.co.uk\wp-includes\general-template.php(204): locate_template(Array, true, false, Array)
#3 D:\xampp\htdocs\gemain.cda-development3.co.uk\wp-content\themes\GlobalEngage\404.php(112): get_template_part('parts/content', 'related_events_...')
#4 D:\xampp\htdocs\gemain.cda-development3.co.uk\wp-includes\template-loader.php(106): include('D:\\xampp\\htdocs...')
#5 D:\xampp\htdocs\gemain.cda-development3.co.uk\wp-blog-header.php(19): require_once('D:\\xampp\\htdocs...')
#6 D:\xampp\htdocs\gemain.cda-development3.co.uk\index.php(17): require('D:\\xampp\\htdocs...')
#7 {main}
  thrown in D:\xampp\htdocs\gemain.cda-development3.co.uk\wp-content\themes\GlobalEngage\parts\content-related_events_coming_up.php on line 8

2023-06-29T12:08:54+00:00 CRITICAL Uncaught Error: Call to a member function get_upsell_ids() on null in D:\xampp\htdocs\gemain.cda-development3.co.uk\wp-content\themes\GlobalEngage\parts\content-related_events_coming_up.php:8
Stack trace:
#0 D:\xampp\htdocs\gemain.cda-development3.co.uk\wp-includes\template.php(785): require()
#1 D:\xampp\htdocs\gemain.cda-development3.co.uk\wp-includes\template.php(718): load_template('D:\\xampp\\htdocs...', false, Array)
#2 D:\xampp\htdocs\gemain.cda-development3.co.uk\wp-includes\general-template.php(204): locate_template(Array, true, false, Array)
#3 D:\xampp\htdocs\gemain.cda-development3.co.uk\wp-content\themes\GlobalEngage\404.php(112): get_template_part('parts/content', 'related_events_...')
#4 D:\xampp\htdocs\gemain.cda-development3.co.uk\wp-includes\template-loader.php(106): include('D:\\xampp\\htdocs...')
#5 D:\xampp\htdocs\gemain.cda-development3.co.uk\wp-blog-header.php(19): require_once('D:\\xampp\\htdocs...')
#6 D:\xampp\htdocs\gemain.cda-development3.co.uk\index.php(17): require('D:\\xampp\\htdocs...')
#7 {main}
  thrown in D:\xampp\htdocs\gemain.cda-development3.co.uk\wp-content\themes\GlobalEngage\parts\content-related_events_coming_up.php on line 8

2023-06-29T12:08:56+00:00 CRITICAL Uncaught Error: Call to a member function get_upsell_ids() on null in D:\xampp\htdocs\gemain.cda-development3.co.uk\wp-content\themes\GlobalEngage\parts\content-related_events_coming_up.php:8
Stack trace:
#0 D:\xampp\htdocs\gemain.cda-development3.co.uk\wp-includes\template.php(785): require()
#1 D:\xampp\htdocs\gemain.cda-development3.co.uk\wp-includes\template.php(718): load_template('D:\\xampp\\htdocs...', false, Array)
#2 D:\xampp\htdocs\gemain.cda-development3.co.uk\wp-includes\general-template.php(204): locate_template(Array, true, false, Array)
#3 D:\xampp\htdocs\gemain.cda-development3.co.uk\wp-content\themes\GlobalEngage\404.php(112): get_template_part('parts/content', 'related_events_...')
#4 D:\xampp\htdocs\gemain.cda-development3.co.uk\wp-includes\template-loader.php(106): include('D:\\xampp\\htdocs...')
#5 D:\xampp\htdocs\gemain.cda-development3.co.uk\wp-blog-header.php(19): require_once('D:\\xampp\\htdocs...')
#6 D:\xampp\htdocs\gemain.cda-development3.co.uk\index.php(17): require('D:\\xampp\\htdocs...')
#7 {main}
  thrown in D:\xampp\htdocs\gemain.cda-development3.co.uk\wp-content\themes\GlobalEngage\parts\content-related_events_coming_up.php on line 8

2023-06-29T18:28:24+00:00 CRITICAL Uncaught Error: Call to a member function get_upsell_ids() on null in D:\xampp\htdocs\gemain.cda-development3.co.uk\wp-content\themes\GlobalEngage\parts\content-related_events_coming_up.php:8
Stack trace:
#0 D:\xampp\htdocs\gemain.cda-development3.co.uk\wp-includes\template.php(785): require()
#1 D:\xampp\htdocs\gemain.cda-development3.co.uk\wp-includes\template.php(718): load_template('D:\\xampp\\htdocs...', false, Array)
#2 D:\xampp\htdocs\gemain.cda-development3.co.uk\wp-includes\general-template.php(204): locate_template(Array, true, false, Array)
#3 D:\xampp\htdocs\gemain.cda-development3.co.uk\wp-content\themes\GlobalEngage\404.php(112): get_template_part('parts/content', 'related_events_...')
#4 D:\xampp\htdocs\gemain.cda-development3.co.uk\wp-includes\template-loader.php(106): include('D:\\xampp\\htdocs...')
#5 D:\xampp\htdocs\gemain.cda-development3.co.uk\wp-blog-header.php(19): require_once('D:\\xampp\\htdocs...')
#6 D:\xampp\htdocs\gemain.cda-development3.co.uk\index.php(17): require('D:\\xampp\\htdocs...')
#7 {main}
  thrown in D:\xampp\htdocs\gemain.cda-development3.co.uk\wp-content\themes\GlobalEngage\parts\content-related_events_coming_up.php on line 8

2023-06-29T18:28:24+00:00 CRITICAL Uncaught Error: Call to a member function get_upsell_ids() on null in D:\xampp\htdocs\gemain.cda-development3.co.uk\wp-content\themes\GlobalEngage\parts\content-related_events_coming_up.php:8
Stack trace:
#0 D:\xampp\htdocs\gemain.cda-development3.co.uk\wp-includes\template.php(785): require()
#1 D:\xampp\htdocs\gemain.cda-development3.co.uk\wp-includes\template.php(718): load_template('D:\\xampp\\htdocs...', false, Array)
#2 D:\xampp\htdocs\gemain.cda-development3.co.uk\wp-includes\general-template.php(204): locate_template(Array, true, false, Array)
#3 D:\xampp\htdocs\gemain.cda-development3.co.uk\wp-content\themes\GlobalEngage\404.php(112): get_template_part('parts/content', 'related_events_...')
#4 D:\xampp\htdocs\gemain.cda-development3.co.uk\wp-includes\template-loader.php(106): include('D:\\xampp\\htdocs...')
#5 D:\xampp\htdocs\gemain.cda-development3.co.uk\wp-blog-header.php(19): require_once('D:\\xampp\\htdocs...')
#6 D:\xampp\htdocs\gemain.cda-development3.co.uk\index.php(17): require('D:\\xampp\\htdocs...')
#7 {main}
  thrown in D:\xampp\htdocs\gemain.cda-development3.co.uk\wp-content\themes\GlobalEngage\parts\content-related_events_coming_up.php on line 8

2023-06-29T18:28:25+00:00 CRITICAL Uncaught Error: Call to a member function get_upsell_ids() on null in D:\xampp\htdocs\gemain.cda-development3.co.uk\wp-content\themes\GlobalEngage\parts\content-related_events_coming_up.php:8
Stack trace:
#0 D:\xampp\htdocs\gemain.cda-development3.co.uk\wp-includes\template.php(785): require()
#1 D:\xampp\htdocs\gemain.cda-development3.co.uk\wp-includes\template.php(718): load_template('D:\\xampp\\htdocs...', false, Array)
#2 D:\xampp\htdocs\gemain.cda-development3.co.uk\wp-includes\general-template.php(204): locate_template(Array, true, false, Array)
#3 D:\xampp\htdocs\gemain.cda-development3.co.uk\wp-content\themes\GlobalEngage\404.php(112): get_template_part('parts/content', 'related_events_...')
#4 D:\xampp\htdocs\gemain.cda-development3.co.uk\wp-includes\template-loader.php(106): include('D:\\xampp\\htdocs...')
#5 D:\xampp\htdocs\gemain.cda-development3.co.uk\wp-blog-header.php(19): require_once('D:\\xampp\\htdocs...')
#6 D:\xampp\htdocs\gemain.cda-development3.co.uk\index.php(17): require('D:\\xampp\\htdocs...')
#7 {main}
  thrown in D:\xampp\htdocs\gemain.cda-development3.co.uk\wp-content\themes\GlobalEngage\parts\content-related_events_coming_up.php on line 8

2023-06-29T18:28:25+00:00 CRITICAL Uncaught Error: Call to a member function get_upsell_ids() on null in D:\xampp\htdocs\gemain.cda-development3.co.uk\wp-content\themes\GlobalEngage\parts\content-related_events_coming_up.php:8
Stack trace:
#0 D:\xampp\htdocs\gemain.cda-development3.co.uk\wp-includes\template.php(785): require()
#1 D:\xampp\htdocs\gemain.cda-development3.co.uk\wp-includes\template.php(718): load_template('D:\\xampp\\htdocs...', false, Array)
#2 D:\xampp\htdocs\gemain.cda-development3.co.uk\wp-includes\general-template.php(204): locate_template(Array, true, false, Array)
#3 D:\xampp\htdocs\gemain.cda-development3.co.uk\wp-content\themes\GlobalEngage\404.php(112): get_template_part('parts/content', 'related_events_...')
#4 D:\xampp\htdocs\gemain.cda-development3.co.uk\wp-includes\template-loader.php(106): include('D:\\xampp\\htdocs...')
#5 D:\xampp\htdocs\gemain.cda-development3.co.uk\wp-blog-header.php(19): require_once('D:\\xampp\\htdocs...')
#6 D:\xampp\htdocs\gemain.cda-development3.co.uk\index.php(17): require('D:\\xampp\\htdocs...')
#7 {main}
  thrown in D:\xampp\htdocs\gemain.cda-development3.co.uk\wp-content\themes\GlobalEngage\parts\content-related_events_coming_up.php on line 8

2023-06-29T18:28:25+00:00 CRITICAL Uncaught Error: Call to a member function get_upsell_ids() on null in D:\xampp\htdocs\gemain.cda-development3.co.uk\wp-content\themes\GlobalEngage\parts\content-related_events_coming_up.php:8
Stack trace:
#0 D:\xampp\htdocs\gemain.cda-development3.co.uk\wp-includes\template.php(785): require()
#1 D:\xampp\htdocs\gemain.cda-development3.co.uk\wp-includes\template.php(718): load_template('D:\\xampp\\htdocs...', false, Array)
#2 D:\xampp\htdocs\gemain.cda-development3.co.uk\wp-includes\general-template.php(204): locate_template(Array, true, false, Array)
#3 D:\xampp\htdocs\gemain.cda-development3.co.uk\wp-content\themes\GlobalEngage\404.php(112): get_template_part('parts/content', 'related_events_...')
#4 D:\xampp\htdocs\gemain.cda-development3.co.uk\wp-includes\template-loader.php(106): include('D:\\xampp\\htdocs...')
#5 D:\xampp\htdocs\gemain.cda-development3.co.uk\wp-blog-header.php(19): require_once('D:\\xampp\\htdocs...')
#6 D:\xampp\htdocs\gemain.cda-development3.co.uk\index.php(17): require('D:\\xampp\\htdocs...')
#7 {main}
  thrown in D:\xampp\htdocs\gemain.cda-development3.co.uk\wp-content\themes\GlobalEngage\parts\content-related_events_coming_up.php on line 8

2023-06-29T18:28:29+00:00 CRITICAL Uncaught Error: Call to a member function get_upsell_ids() on null in D:\xampp\htdocs\gemain.cda-development3.co.uk\wp-content\themes\GlobalEngage\parts\content-related_events_coming_up.php:8
Stack trace:
#0 D:\xampp\htdocs\gemain.cda-development3.co.uk\wp-includes\template.php(785): require()
#1 D:\xampp\htdocs\gemain.cda-development3.co.uk\wp-includes\template.php(718): load_template('D:\\xampp\\htdocs...', false, Array)
#2 D:\xampp\htdocs\gemain.cda-development3.co.uk\wp-includes\general-template.php(204): locate_template(Array, true, false, Array)
#3 D:\xampp\htdocs\gemain.cda-development3.co.uk\wp-content\themes\GlobalEngage\404.php(112): get_template_part('parts/content', 'related_events_...')
#4 D:\xampp\htdocs\gemain.cda-development3.co.uk\wp-includes\template-loader.php(106): include('D:\\xampp\\htdocs...')
#5 D:\xampp\htdocs\gemain.cda-development3.co.uk\wp-blog-header.php(19): require_once('D:\\xampp\\htdocs...')
#6 D:\xampp\htdocs\gemain.cda-development3.co.uk\index.php(17): require('D:\\xampp\\htdocs...')
#7 {main}
  thrown in D:\xampp\htdocs\gemain.cda-development3.co.uk\wp-content\themes\GlobalEngage\parts\content-related_events_coming_up.php on line 8

2023-06-29T18:28:30+00:00 CRITICAL Uncaught Error: Call to a member function get_upsell_ids() on null in D:\xampp\htdocs\gemain.cda-development3.co.uk\wp-content\themes\GlobalEngage\parts\content-related_events_coming_up.php:8
Stack trace:
#0 D:\xampp\htdocs\gemain.cda-development3.co.uk\wp-includes\template.php(785): require()
#1 D:\xampp\htdocs\gemain.cda-development3.co.uk\wp-includes\template.php(718): load_template('D:\\xampp\\htdocs...', false, Array)
#2 D:\xampp\htdocs\gemain.cda-development3.co.uk\wp-includes\general-template.php(204): locate_template(Array, true, false, Array)
#3 D:\xampp\htdocs\gemain.cda-development3.co.uk\wp-content\themes\GlobalEngage\404.php(112): get_template_part('parts/content', 'related_events_...')
#4 D:\xampp\htdocs\gemain.cda-development3.co.uk\wp-includes\template-loader.php(106): include('D:\\xampp\\htdocs...')
#5 D:\xampp\htdocs\gemain.cda-development3.co.uk\wp-blog-header.php(19): require_once('D:\\xampp\\htdocs...')
#6 D:\xampp\htdocs\gemain.cda-development3.co.uk\index.php(17): require('D:\\xampp\\htdocs...')
#7 {main}
  thrown in D:\xampp\htdocs\gemain.cda-development3.co.uk\wp-content\themes\GlobalEngage\parts\content-related_events_coming_up.php on line 8

2023-06-29T18:53:52+00:00 CRITICAL Uncaught Error: Call to a member function get_upsell_ids() on null in D:\xampp\htdocs\gemain.cda-development3.co.uk\wp-content\themes\GlobalEngage\parts\content-related_events_coming_up.php:8
Stack trace:
#0 D:\xampp\htdocs\gemain.cda-development3.co.uk\wp-includes\template.php(785): require()
#1 D:\xampp\htdocs\gemain.cda-development3.co.uk\wp-includes\template.php(718): load_template('D:\\xampp\\htdocs...', false, Array)
#2 D:\xampp\htdocs\gemain.cda-development3.co.uk\wp-includes\general-template.php(204): locate_template(Array, true, false, Array)
#3 D:\xampp\htdocs\gemain.cda-development3.co.uk\wp-content\themes\GlobalEngage\404.php(112): get_template_part('parts/content', 'related_events_...')
#4 D:\xampp\htdocs\gemain.cda-development3.co.uk\wp-includes\template-loader.php(106): include('D:\\xampp\\htdocs...')
#5 D:\xampp\htdocs\gemain.cda-development3.co.uk\wp-blog-header.php(19): require_once('D:\\xampp\\htdocs...')
#6 D:\xampp\htdocs\gemain.cda-development3.co.uk\index.php(17): require('D:\\xampp\\htdocs...')
#7 {main}
  thrown in D:\xampp\htdocs\gemain.cda-development3.co.uk\wp-content\themes\GlobalEngage\parts\content-related_events_coming_up.php on line 8

2023-06-29T18:53:52+00:00 CRITICAL Uncaught Error: Call to a member function get_upsell_ids() on null in D:\xampp\htdocs\gemain.cda-development3.co.uk\wp-content\themes\GlobalEngage\parts\content-related_events_coming_up.php:8
Stack trace:
#0 D:\xampp\htdocs\gemain.cda-development3.co.uk\wp-includes\template.php(785): require()
#1 D:\xampp\htdocs\gemain.cda-development3.co.uk\wp-includes\template.php(718): load_template('D:\\xampp\\htdocs...', false, Array)
#2 D:\xampp\htdocs\gemain.cda-development3.co.uk\wp-includes\general-template.php(204): locate_template(Array, true, false, Array)
#3 D:\xampp\htdocs\gemain.cda-development3.co.uk\wp-content\themes\GlobalEngage\404.php(112): get_template_part('parts/content', 'related_events_...')
#4 D:\xampp\htdocs\gemain.cda-development3.co.uk\wp-includes\template-loader.php(106): include('D:\\xampp\\htdocs...')
#5 D:\xampp\htdocs\gemain.cda-development3.co.uk\wp-blog-header.php(19): require_once('D:\\xampp\\htdocs...')
#6 D:\xampp\htdocs\gemain.cda-development3.co.uk\index.php(17): require('D:\\xampp\\htdocs...')
#7 {main}
  thrown in D:\xampp\htdocs\gemain.cda-development3.co.uk\wp-content\themes\GlobalEngage\parts\content-related_events_coming_up.php on line 8

2023-06-29T18:53:53+00:00 CRITICAL Uncaught Error: Call to a member function get_upsell_ids() on null in D:\xampp\htdocs\gemain.cda-development3.co.uk\wp-content\themes\GlobalEngage\parts\content-related_events_coming_up.php:8
Stack trace:
#0 D:\xampp\htdocs\gemain.cda-development3.co.uk\wp-includes\template.php(785): require()
#1 D:\xampp\htdocs\gemain.cda-development3.co.uk\wp-includes\template.php(718): load_template('D:\\xampp\\htdocs...', false, Array)
#2 D:\xampp\htdocs\gemain.cda-development3.co.uk\wp-includes\general-template.php(204): locate_template(Array, true, false, Array)
#3 D:\xampp\htdocs\gemain.cda-development3.co.uk\wp-content\themes\GlobalEngage\404.php(112): get_template_part('parts/content', 'related_events_...')
#4 D:\xampp\htdocs\gemain.cda-development3.co.uk\wp-includes\template-loader.php(106): include('D:\\xampp\\htdocs...')
#5 D:\xampp\htdocs\gemain.cda-development3.co.uk\wp-blog-header.php(19): require_once('D:\\xampp\\htdocs...')
#6 D:\xampp\htdocs\gemain.cda-development3.co.uk\index.php(17): require('D:\\xampp\\htdocs...')
#7 {main}
  thrown in D:\xampp\htdocs\gemain.cda-development3.co.uk\wp-content\themes\GlobalEngage\parts\content-related_events_coming_up.php on line 8

2023-06-29T18:53:53+00:00 CRITICAL Uncaught Error: Call to a member function get_upsell_ids() on null in D:\xampp\htdocs\gemain.cda-development3.co.uk\wp-content\themes\GlobalEngage\parts\content-related_events_coming_up.php:8
Stack trace:
#0 D:\xampp\htdocs\gemain.cda-development3.co.uk\wp-includes\template.php(785): require()
#1 D:\xampp\htdocs\gemain.cda-development3.co.uk\wp-includes\template.php(718): load_template('D:\\xampp\\htdocs...', false, Array)
#2 D:\xampp\htdocs\gemain.cda-development3.co.uk\wp-includes\general-template.php(204): locate_template(Array, true, false, Array)
#3 D:\xampp\htdocs\gemain.cda-development3.co.uk\wp-content\themes\GlobalEngage\404.php(112): get_template_part('parts/content', 'related_events_...')
#4 D:\xampp\htdocs\gemain.cda-development3.co.uk\wp-includes\template-loader.php(106): include('D:\\xampp\\htdocs...')
#5 D:\xampp\htdocs\gemain.cda-development3.co.uk\wp-blog-header.php(19): require_once('D:\\xampp\\htdocs...')
#6 D:\xampp\htdocs\gemain.cda-development3.co.uk\index.php(17): require('D:\\xampp\\htdocs...')
#7 {main}
  thrown in D:\xampp\htdocs\gemain.cda-development3.co.uk\wp-content\themes\GlobalEngage\parts\content-related_events_coming_up.php on line 8

2023-06-29T18:53:54+00:00 CRITICAL Uncaught Error: Call to a member function get_upsell_ids() on null in D:\xampp\htdocs\gemain.cda-development3.co.uk\wp-content\themes\GlobalEngage\parts\content-related_events_coming_up.php:8
Stack trace:
#0 D:\xampp\htdocs\gemain.cda-development3.co.uk\wp-includes\template.php(785): require()
#1 D:\xampp\htdocs\gemain.cda-development3.co.uk\wp-includes\template.php(718): load_template('D:\\xampp\\htdocs...', false, Array)
#2 D:\xampp\htdocs\gemain.cda-development3.co.uk\wp-includes\general-template.php(204): locate_template(Array, true, false, Array)
#3 D:\xampp\htdocs\gemain.cda-development3.co.uk\wp-content\themes\GlobalEngage\404.php(112): get_template_part('parts/content', 'related_events_...')
#4 D:\xampp\htdocs\gemain.cda-development3.co.uk\wp-includes\template-loader.php(106): include('D:\\xampp\\htdocs...')
#5 D:\xampp\htdocs\gemain.cda-development3.co.uk\wp-blog-header.php(19): require_once('D:\\xampp\\htdocs...')
#6 D:\xampp\htdocs\gemain.cda-development3.co.uk\index.php(17): require('D:\\xampp\\htdocs...')
#7 {main}
  thrown in D:\xampp\htdocs\gemain.cda-development3.co.uk\wp-content\themes\GlobalEngage\parts\content-related_events_coming_up.php on line 8

2023-06-29T18:53:55+00:00 CRITICAL Uncaught Error: Call to a member function get_upsell_ids() on null in D:\xampp\htdocs\gemain.cda-development3.co.uk\wp-content\themes\GlobalEngage\parts\content-related_events_coming_up.php:8
Stack trace:
#0 D:\xampp\htdocs\gemain.cda-development3.co.uk\wp-includes\template.php(785): require()
#1 D:\xampp\htdocs\gemain.cda-development3.co.uk\wp-includes\template.php(718): load_template('D:\\xampp\\htdocs...', false, Array)
#2 D:\xampp\htdocs\gemain.cda-development3.co.uk\wp-includes\general-template.php(204): locate_template(Array, true, false, Array)
#3 D:\xampp\htdocs\gemain.cda-development3.co.uk\wp-content\themes\GlobalEngage\404.php(112): get_template_part('parts/content', 'related_events_...')
#4 D:\xampp\htdocs\gemain.cda-development3.co.uk\wp-includes\template-loader.php(106): include('D:\\xampp\\htdocs...')
#5 D:\xampp\htdocs\gemain.cda-development3.co.uk\wp-blog-header.php(19): require_once('D:\\xampp\\htdocs...')
#6 D:\xampp\htdocs\gemain.cda-development3.co.uk\index.php(17): require('D:\\xampp\\htdocs...')
#7 {main}
  thrown in D:\xampp\htdocs\gemain.cda-development3.co.uk\wp-content\themes\GlobalEngage\parts\content-related_events_coming_up.php on line 8

2023-06-29T18:53:56+00:00 CRITICAL Uncaught Error: Call to a member function get_upsell_ids() on null in D:\xampp\htdocs\gemain.cda-development3.co.uk\wp-content\themes\GlobalEngage\parts\content-related_events_coming_up.php:8
Stack trace:
#0 D:\xampp\htdocs\gemain.cda-development3.co.uk\wp-includes\template.php(785): require()
#1 D:\xampp\htdocs\gemain.cda-development3.co.uk\wp-includes\template.php(718): load_template('D:\\xampp\\htdocs...', false, Array)
#2 D:\xampp\htdocs\gemain.cda-development3.co.uk\wp-includes\general-template.php(204): locate_template(Array, true, false, Array)
#3 D:\xampp\htdocs\gemain.cda-development3.co.uk\wp-content\themes\GlobalEngage\404.php(112): get_template_part('parts/content', 'related_events_...')
#4 D:\xampp\htdocs\gemain.cda-development3.co.uk\wp-includes\template-loader.php(106): include('D:\\xampp\\htdocs...')
#5 D:\xampp\htdocs\gemain.cda-development3.co.uk\wp-blog-header.php(19): require_once('D:\\xampp\\htdocs...')
#6 D:\xampp\htdocs\gemain.cda-development3.co.uk\index.php(17): require('D:\\xampp\\htdocs...')
#7 {main}
  thrown in D:\xampp\htdocs\gemain.cda-development3.co.uk\wp-content\themes\GlobalEngage\parts\content-related_events_coming_up.php on line 8

