2023-07-01T06:08:10+00:00 CRITICAL Uncaught Error: Call to a member function is_visible() on null in D:\Development\htdocs\gem\GEM\wp-content\plugins\added-to-cart-popup-woocommerce\templates\xoo-cp-content.php:23
Stack trace:
#0 D:\Development\htdocs\gem\GEM\wp-content\plugins\woocommerce\includes\wc-core-functions.php(345): include()
#1 D:\Development\htdocs\gem\GEM\wp-content\plugins\added-to-cart-popup-woocommerce\includes\class-xoo-cp-core.php(42): wc_get_template('xoo-cp-content....', Array, '', 'D:\\Development\\...')
#2 D:\Development\htdocs\gem\GEM\wp-content\plugins\added-to-cart-popup-woocommerce\includes\class-xoo-cp-core.php(92): Xoo_CP_Core->get_cart_content()
#3 D:\Development\htdocs\gem\GEM\wp-includes\class-wp-hook.php(308): Xoo_CP_Core->set_ajax_fragments(Array)
#4 D:\Development\htdocs\gem\GEM\wp-includes\plugin.php(205): WP_Hook->apply_filters(Array, Array)
#5 D:\Development\htdocs\gem\GEM\wp-content\plugins\woocommerce\includes\class-wc-ajax.php(214): apply_filters('woocommerce_add...', Array)
#6 D:\Development\htdocs\gem\GEM\wp-includes\class-wp-hook.php(308): WC_AJAX::get_refreshed_fragments('')
#7 D:\Development\htdocs\gem\GEM\wp-includes\class-wp-hook.php(332): WP_Hook->apply_filters('', Array)
#8 D:\Development\htdocs\gem\GEM\wp-includes\plugin.php(517): WP_Hook->do_action(Array)
#9 D:\Development\htdocs\gem\GEM\wp-content\plugins\woocommerce\includes\class-wc-ajax.php(96): do_action('wc_ajax_get_ref...')
#10 D:\Development\htdocs\gem\GEM\wp-includes\class-wp-hook.php(308): WC_AJAX::do_wc_ajax('')
#11 D:\Development\htdocs\gem\GEM\wp-includes\class-wp-hook.php(332): WP_Hook->apply_filters(false, Array)
#12 D:\Development\htdocs\gem\GEM\wp-includes\plugin.php(517): WP_Hook->do_action(Array)
#13 D:\Development\htdocs\gem\GEM\wp-includes\template-loader.php(13): do_action('template_redire...')
#14 D:\Development\htdocs\gem\GEM\wp-blog-header.php(19): require_once('D:\\Development\\...')
#15 D:\Development\htdocs\gem\GEM\index.php(17): require('D:\\Development\\...')
#16 {main}
  thrown in D:\Development\htdocs\gem\GEM\wp-content\plugins\added-to-cart-popup-woocommerce\templates\xoo-cp-content.php on line 23

