2023-07-03T04:10:34+00:00 CRITICAL Uncaught Error: Call to a member function is_visible() on null in D:\Development\htdocs\gem\GEM\wp-content\plugins\added-to-cart-popup-woocommerce\templates\xoo-cp-content.php:23
Stack trace:
#0 D:\Development\htdocs\gem\GEM\wp-content\plugins\woocommerce\includes\wc-core-functions.php(345): include()
#1 D:\Development\htdocs\gem\GEM\wp-content\plugins\added-to-cart-popup-woocommerce\includes\class-xoo-cp-core.php(42): wc_get_template('xoo-cp-content....', Array, '', 'D:\\Development\\...')
#2 D:\Development\htdocs\gem\GEM\wp-content\plugins\added-to-cart-popup-woocommerce\includes\class-xoo-cp-core.php(92): Xoo_CP_Core->get_cart_content()
#3 D:\Development\htdocs\gem\GEM\wp-includes\class-wp-hook.php(308): Xoo_CP_Core->set_ajax_fragments(Array)
#4 D:\Development\htdocs\gem\GEM\wp-includes\plugin.php(205): WP_Hook->apply_filters(Array, Array)
#5 D:\Development\htdocs\gem\GEM\wp-content\plugins\woocommerce\includes\class-wc-ajax.php(214): apply_filters('woocommerce_add...', Array)
#6 D:\Development\htdocs\gem\GEM\wp-includes\class-wp-hook.php(308): WC_AJAX::get_refreshed_fragments('')
#7 D:\Development\htdocs\gem\GEM\wp-includes\class-wp-hook.php(332): WP_Hook->apply_filters('', Array)
#8 D:\Development\htdocs\gem\GEM\wp-includes\plugin.php(517): WP_Hook->do_action(Array)
#9 D:\Development\htdocs\gem\GEM\wp-content\plugins\woocommerce\includes\class-wc-ajax.php(96): do_action('wc_ajax_get_ref...')
#10 D:\Development\htdocs\gem\GEM\wp-includes\class-wp-hook.php(308): WC_AJAX::do_wc_ajax('')
#11 D:\Development\htdocs\gem\GEM\wp-includes\class-wp-hook.php(332): WP_Hook->apply_filters(false, Array)
#12 D:\Development\htdocs\gem\GEM\wp-includes\plugin.php(517): WP_Hook->do_action(Array)
#13 D:\Development\htdocs\gem\GEM\wp-includes\template-loader.php(13): do_action('template_redire...')
#14 D:\Development\htdocs\gem\GEM\wp-blog-header.php(19): require_once('D:\\Development\\...')
#15 D:\Development\htdocs\gem\GEM\index.php(17): require('D:\\Development\\...')
#16 {main}
  thrown in D:\Development\htdocs\gem\GEM\wp-content\plugins\added-to-cart-popup-woocommerce\templates\xoo-cp-content.php on line 23

2023-07-03T05:32:07+00:00 CRITICAL Uncaught Error: Call to a member function is_visible() on null in D:\Development\htdocs\gem\GEM\wp-content\plugins\added-to-cart-popup-woocommerce\templates\xoo-cp-content.php:23
Stack trace:
#0 D:\Development\htdocs\gem\GEM\wp-content\plugins\woocommerce\includes\wc-core-functions.php(345): include()
#1 D:\Development\htdocs\gem\GEM\wp-content\plugins\added-to-cart-popup-woocommerce\includes\class-xoo-cp-core.php(42): wc_get_template('xoo-cp-content....', Array, '', 'D:\\Development\\...')
#2 D:\Development\htdocs\gem\GEM\wp-content\plugins\added-to-cart-popup-woocommerce\includes\class-xoo-cp-core.php(92): Xoo_CP_Core->get_cart_content()
#3 D:\Development\htdocs\gem\GEM\wp-includes\class-wp-hook.php(308): Xoo_CP_Core->set_ajax_fragments(Array)
#4 D:\Development\htdocs\gem\GEM\wp-includes\plugin.php(205): WP_Hook->apply_filters(Array, Array)
#5 D:\Development\htdocs\gem\GEM\wp-content\plugins\woocommerce\includes\class-wc-ajax.php(214): apply_filters('woocommerce_add...', Array)
#6 D:\Development\htdocs\gem\GEM\wp-includes\class-wp-hook.php(308): WC_AJAX::get_refreshed_fragments('')
#7 D:\Development\htdocs\gem\GEM\wp-includes\class-wp-hook.php(332): WP_Hook->apply_filters('', Array)
#8 D:\Development\htdocs\gem\GEM\wp-includes\plugin.php(517): WP_Hook->do_action(Array)
#9 D:\Development\htdocs\gem\GEM\wp-content\plugins\woocommerce\includes\class-wc-ajax.php(96): do_action('wc_ajax_get_ref...')
#10 D:\Development\htdocs\gem\GEM\wp-includes\class-wp-hook.php(308): WC_AJAX::do_wc_ajax('')
#11 D:\Development\htdocs\gem\GEM\wp-includes\class-wp-hook.php(332): WP_Hook->apply_filters(false, Array)
#12 D:\Development\htdocs\gem\GEM\wp-includes\plugin.php(517): WP_Hook->do_action(Array)
#13 D:\Development\htdocs\gem\GEM\wp-includes\template-loader.php(13): do_action('template_redire...')
#14 D:\Development\htdocs\gem\GEM\wp-blog-header.php(19): require_once('D:\\Development\\...')
#15 D:\Development\htdocs\gem\GEM\index.php(17): require('D:\\Development\\...')
#16 {main}
  thrown in D:\Development\htdocs\gem\GEM\wp-content\plugins\added-to-cart-popup-woocommerce\templates\xoo-cp-content.php on line 23

2023-07-03T05:33:05+00:00 CRITICAL Uncaught Error: Call to a member function is_visible() on null in D:\Development\htdocs\gem\GEM\wp-content\plugins\added-to-cart-popup-woocommerce\templates\xoo-cp-content.php:23
Stack trace:
#0 D:\Development\htdocs\gem\GEM\wp-content\plugins\woocommerce\includes\wc-core-functions.php(345): include()
#1 D:\Development\htdocs\gem\GEM\wp-content\plugins\added-to-cart-popup-woocommerce\includes\class-xoo-cp-core.php(42): wc_get_template('xoo-cp-content....', Array, '', 'D:\\Development\\...')
#2 D:\Development\htdocs\gem\GEM\wp-content\plugins\added-to-cart-popup-woocommerce\includes\class-xoo-cp-core.php(92): Xoo_CP_Core->get_cart_content()
#3 D:\Development\htdocs\gem\GEM\wp-includes\class-wp-hook.php(308): Xoo_CP_Core->set_ajax_fragments(Array)
#4 D:\Development\htdocs\gem\GEM\wp-includes\plugin.php(205): WP_Hook->apply_filters(Array, Array)
#5 D:\Development\htdocs\gem\GEM\wp-content\plugins\woocommerce\includes\class-wc-ajax.php(214): apply_filters('woocommerce_add...', Array)
#6 D:\Development\htdocs\gem\GEM\wp-includes\class-wp-hook.php(308): WC_AJAX::get_refreshed_fragments('')
#7 D:\Development\htdocs\gem\GEM\wp-includes\class-wp-hook.php(332): WP_Hook->apply_filters('', Array)
#8 D:\Development\htdocs\gem\GEM\wp-includes\plugin.php(517): WP_Hook->do_action(Array)
#9 D:\Development\htdocs\gem\GEM\wp-content\plugins\woocommerce\includes\class-wc-ajax.php(96): do_action('wc_ajax_get_ref...')
#10 D:\Development\htdocs\gem\GEM\wp-includes\class-wp-hook.php(308): WC_AJAX::do_wc_ajax('')
#11 D:\Development\htdocs\gem\GEM\wp-includes\class-wp-hook.php(332): WP_Hook->apply_filters(false, Array)
#12 D:\Development\htdocs\gem\GEM\wp-includes\plugin.php(517): WP_Hook->do_action(Array)
#13 D:\Development\htdocs\gem\GEM\wp-includes\template-loader.php(13): do_action('template_redire...')
#14 D:\Development\htdocs\gem\GEM\wp-blog-header.php(19): require_once('D:\\Development\\...')
#15 D:\Development\htdocs\gem\GEM\index.php(17): require('D:\\Development\\...')
#16 {main}
  thrown in D:\Development\htdocs\gem\GEM\wp-content\plugins\added-to-cart-popup-woocommerce\templates\xoo-cp-content.php on line 23

2023-07-03T05:33:07+00:00 CRITICAL Uncaught Error: Call to a member function is_visible() on null in D:\Development\htdocs\gem\GEM\wp-content\plugins\added-to-cart-popup-woocommerce\templates\xoo-cp-content.php:23
Stack trace:
#0 D:\Development\htdocs\gem\GEM\wp-content\plugins\woocommerce\includes\wc-core-functions.php(345): include()
#1 D:\Development\htdocs\gem\GEM\wp-content\plugins\added-to-cart-popup-woocommerce\includes\class-xoo-cp-core.php(42): wc_get_template('xoo-cp-content....', Array, '', 'D:\\Development\\...')
#2 D:\Development\htdocs\gem\GEM\wp-content\plugins\added-to-cart-popup-woocommerce\includes\class-xoo-cp-core.php(92): Xoo_CP_Core->get_cart_content()
#3 D:\Development\htdocs\gem\GEM\wp-includes\class-wp-hook.php(308): Xoo_CP_Core->set_ajax_fragments(Array)
#4 D:\Development\htdocs\gem\GEM\wp-includes\plugin.php(205): WP_Hook->apply_filters(Array, Array)
#5 D:\Development\htdocs\gem\GEM\wp-content\plugins\woocommerce\includes\class-wc-ajax.php(214): apply_filters('woocommerce_add...', Array)
#6 D:\Development\htdocs\gem\GEM\wp-includes\class-wp-hook.php(308): WC_AJAX::get_refreshed_fragments('')
#7 D:\Development\htdocs\gem\GEM\wp-includes\class-wp-hook.php(332): WP_Hook->apply_filters('', Array)
#8 D:\Development\htdocs\gem\GEM\wp-includes\plugin.php(517): WP_Hook->do_action(Array)
#9 D:\Development\htdocs\gem\GEM\wp-content\plugins\woocommerce\includes\class-wc-ajax.php(96): do_action('wc_ajax_get_ref...')
#10 D:\Development\htdocs\gem\GEM\wp-includes\class-wp-hook.php(308): WC_AJAX::do_wc_ajax('')
#11 D:\Development\htdocs\gem\GEM\wp-includes\class-wp-hook.php(332): WP_Hook->apply_filters(false, Array)
#12 D:\Development\htdocs\gem\GEM\wp-includes\plugin.php(517): WP_Hook->do_action(Array)
#13 D:\Development\htdocs\gem\GEM\wp-includes\template-loader.php(13): do_action('template_redire...')
#14 D:\Development\htdocs\gem\GEM\wp-blog-header.php(19): require_once('D:\\Development\\...')
#15 D:\Development\htdocs\gem\GEM\index.php(17): require('D:\\Development\\...')
#16 {main}
  thrown in D:\Development\htdocs\gem\GEM\wp-content\plugins\added-to-cart-popup-woocommerce\templates\xoo-cp-content.php on line 23

2023-07-03T07:16:46+00:00 CRITICAL Uncaught Error: Call to a member function is_visible() on null in D:\Development\htdocs\gem\GEM\wp-content\plugins\added-to-cart-popup-woocommerce\templates\xoo-cp-content.php:23
Stack trace:
#0 D:\Development\htdocs\gem\GEM\wp-content\plugins\woocommerce\includes\wc-core-functions.php(345): include()
#1 D:\Development\htdocs\gem\GEM\wp-content\plugins\added-to-cart-popup-woocommerce\includes\class-xoo-cp-core.php(42): wc_get_template('xoo-cp-content....', Array, '', 'D:\\Development\\...')
#2 D:\Development\htdocs\gem\GEM\wp-content\plugins\added-to-cart-popup-woocommerce\includes\class-xoo-cp-core.php(92): Xoo_CP_Core->get_cart_content()
#3 D:\Development\htdocs\gem\GEM\wp-includes\class-wp-hook.php(308): Xoo_CP_Core->set_ajax_fragments(Array)
#4 D:\Development\htdocs\gem\GEM\wp-includes\plugin.php(205): WP_Hook->apply_filters(Array, Array)
#5 D:\Development\htdocs\gem\GEM\wp-content\plugins\woocommerce\includes\class-wc-ajax.php(214): apply_filters('woocommerce_add...', Array)
#6 D:\Development\htdocs\gem\GEM\wp-includes\class-wp-hook.php(308): WC_AJAX::get_refreshed_fragments('')
#7 D:\Development\htdocs\gem\GEM\wp-includes\class-wp-hook.php(332): WP_Hook->apply_filters('', Array)
#8 D:\Development\htdocs\gem\GEM\wp-includes\plugin.php(517): WP_Hook->do_action(Array)
#9 D:\Development\htdocs\gem\GEM\wp-content\plugins\woocommerce\includes\class-wc-ajax.php(96): do_action('wc_ajax_get_ref...')
#10 D:\Development\htdocs\gem\GEM\wp-includes\class-wp-hook.php(308): WC_AJAX::do_wc_ajax('')
#11 D:\Development\htdocs\gem\GEM\wp-includes\class-wp-hook.php(332): WP_Hook->apply_filters(false, Array)
#12 D:\Development\htdocs\gem\GEM\wp-includes\plugin.php(517): WP_Hook->do_action(Array)
#13 D:\Development\htdocs\gem\GEM\wp-includes\template-loader.php(13): do_action('template_redire...')
#14 D:\Development\htdocs\gem\GEM\wp-blog-header.php(19): require_once('D:\\Development\\...')
#15 D:\Development\htdocs\gem\GEM\index.php(17): require('D:\\Development\\...')
#16 {main}
  thrown in D:\Development\htdocs\gem\GEM\wp-content\plugins\added-to-cart-popup-woocommerce\templates\xoo-cp-content.php on line 23

2023-07-03T07:20:17+00:00 CRITICAL Uncaught Error: Call to a member function is_visible() on null in D:\Development\htdocs\gem\GEM\wp-content\plugins\added-to-cart-popup-woocommerce\templates\xoo-cp-content.php:23
Stack trace:
#0 D:\Development\htdocs\gem\GEM\wp-content\plugins\woocommerce\includes\wc-core-functions.php(345): include()
#1 D:\Development\htdocs\gem\GEM\wp-content\plugins\added-to-cart-popup-woocommerce\includes\class-xoo-cp-core.php(42): wc_get_template('xoo-cp-content....', Array, '', 'D:\\Development\\...')
#2 D:\Development\htdocs\gem\GEM\wp-content\plugins\added-to-cart-popup-woocommerce\includes\class-xoo-cp-core.php(92): Xoo_CP_Core->get_cart_content()
#3 D:\Development\htdocs\gem\GEM\wp-includes\class-wp-hook.php(308): Xoo_CP_Core->set_ajax_fragments(Array)
#4 D:\Development\htdocs\gem\GEM\wp-includes\plugin.php(205): WP_Hook->apply_filters(Array, Array)
#5 D:\Development\htdocs\gem\GEM\wp-content\plugins\woocommerce\includes\class-wc-ajax.php(214): apply_filters('woocommerce_add...', Array)
#6 D:\Development\htdocs\gem\GEM\wp-includes\class-wp-hook.php(308): WC_AJAX::get_refreshed_fragments('')
#7 D:\Development\htdocs\gem\GEM\wp-includes\class-wp-hook.php(332): WP_Hook->apply_filters('', Array)
#8 D:\Development\htdocs\gem\GEM\wp-includes\plugin.php(517): WP_Hook->do_action(Array)
#9 D:\Development\htdocs\gem\GEM\wp-content\plugins\woocommerce\includes\class-wc-ajax.php(96): do_action('wc_ajax_get_ref...')
#10 D:\Development\htdocs\gem\GEM\wp-includes\class-wp-hook.php(308): WC_AJAX::do_wc_ajax('')
#11 D:\Development\htdocs\gem\GEM\wp-includes\class-wp-hook.php(332): WP_Hook->apply_filters(false, Array)
#12 D:\Development\htdocs\gem\GEM\wp-includes\plugin.php(517): WP_Hook->do_action(Array)
#13 D:\Development\htdocs\gem\GEM\wp-includes\template-loader.php(13): do_action('template_redire...')
#14 D:\Development\htdocs\gem\GEM\wp-blog-header.php(19): require_once('D:\\Development\\...')
#15 D:\Development\htdocs\gem\GEM\index.php(17): require('D:\\Development\\...')
#16 {main}
  thrown in D:\Development\htdocs\gem\GEM\wp-content\plugins\added-to-cart-popup-woocommerce\templates\xoo-cp-content.php on line 23

2023-07-03T07:21:51+00:00 CRITICAL Uncaught Error: Call to a member function is_visible() on null in D:\Development\htdocs\gem\GEM\wp-content\plugins\added-to-cart-popup-woocommerce\templates\xoo-cp-content.php:23
Stack trace:
#0 D:\Development\htdocs\gem\GEM\wp-content\plugins\woocommerce\includes\wc-core-functions.php(345): include()
#1 D:\Development\htdocs\gem\GEM\wp-content\plugins\added-to-cart-popup-woocommerce\includes\class-xoo-cp-core.php(42): wc_get_template('xoo-cp-content....', Array, '', 'D:\\Development\\...')
#2 D:\Development\htdocs\gem\GEM\wp-content\plugins\added-to-cart-popup-woocommerce\includes\class-xoo-cp-core.php(92): Xoo_CP_Core->get_cart_content()
#3 D:\Development\htdocs\gem\GEM\wp-includes\class-wp-hook.php(308): Xoo_CP_Core->set_ajax_fragments(Array)
#4 D:\Development\htdocs\gem\GEM\wp-includes\plugin.php(205): WP_Hook->apply_filters(Array, Array)
#5 D:\Development\htdocs\gem\GEM\wp-content\plugins\woocommerce\includes\class-wc-ajax.php(214): apply_filters('woocommerce_add...', Array)
#6 D:\Development\htdocs\gem\GEM\wp-includes\class-wp-hook.php(308): WC_AJAX::get_refreshed_fragments('')
#7 D:\Development\htdocs\gem\GEM\wp-includes\class-wp-hook.php(332): WP_Hook->apply_filters('', Array)
#8 D:\Development\htdocs\gem\GEM\wp-includes\plugin.php(517): WP_Hook->do_action(Array)
#9 D:\Development\htdocs\gem\GEM\wp-content\plugins\woocommerce\includes\class-wc-ajax.php(96): do_action('wc_ajax_get_ref...')
#10 D:\Development\htdocs\gem\GEM\wp-includes\class-wp-hook.php(308): WC_AJAX::do_wc_ajax('')
#11 D:\Development\htdocs\gem\GEM\wp-includes\class-wp-hook.php(332): WP_Hook->apply_filters(false, Array)
#12 D:\Development\htdocs\gem\GEM\wp-includes\plugin.php(517): WP_Hook->do_action(Array)
#13 D:\Development\htdocs\gem\GEM\wp-includes\template-loader.php(13): do_action('template_redire...')
#14 D:\Development\htdocs\gem\GEM\wp-blog-header.php(19): require_once('D:\\Development\\...')
#15 D:\Development\htdocs\gem\GEM\index.php(17): require('D:\\Development\\...')
#16 {main}
  thrown in D:\Development\htdocs\gem\GEM\wp-content\plugins\added-to-cart-popup-woocommerce\templates\xoo-cp-content.php on line 23

2023-07-03T07:23:36+00:00 CRITICAL Uncaught Error: Call to a member function is_visible() on null in D:\Development\htdocs\gem\GEM\wp-content\plugins\added-to-cart-popup-woocommerce\templates\xoo-cp-content.php:23
Stack trace:
#0 D:\Development\htdocs\gem\GEM\wp-content\plugins\woocommerce\includes\wc-core-functions.php(345): include()
#1 D:\Development\htdocs\gem\GEM\wp-content\plugins\added-to-cart-popup-woocommerce\includes\class-xoo-cp-core.php(42): wc_get_template('xoo-cp-content....', Array, '', 'D:\\Development\\...')
#2 D:\Development\htdocs\gem\GEM\wp-content\plugins\added-to-cart-popup-woocommerce\includes\class-xoo-cp-core.php(92): Xoo_CP_Core->get_cart_content()
#3 D:\Development\htdocs\gem\GEM\wp-includes\class-wp-hook.php(308): Xoo_CP_Core->set_ajax_fragments(Array)
#4 D:\Development\htdocs\gem\GEM\wp-includes\plugin.php(205): WP_Hook->apply_filters(Array, Array)
#5 D:\Development\htdocs\gem\GEM\wp-content\plugins\woocommerce\includes\class-wc-ajax.php(214): apply_filters('woocommerce_add...', Array)
#6 D:\Development\htdocs\gem\GEM\wp-includes\class-wp-hook.php(308): WC_AJAX::get_refreshed_fragments('')
#7 D:\Development\htdocs\gem\GEM\wp-includes\class-wp-hook.php(332): WP_Hook->apply_filters('', Array)
#8 D:\Development\htdocs\gem\GEM\wp-includes\plugin.php(517): WP_Hook->do_action(Array)
#9 D:\Development\htdocs\gem\GEM\wp-content\plugins\woocommerce\includes\class-wc-ajax.php(96): do_action('wc_ajax_get_ref...')
#10 D:\Development\htdocs\gem\GEM\wp-includes\class-wp-hook.php(308): WC_AJAX::do_wc_ajax('')
#11 D:\Development\htdocs\gem\GEM\wp-includes\class-wp-hook.php(332): WP_Hook->apply_filters(false, Array)
#12 D:\Development\htdocs\gem\GEM\wp-includes\plugin.php(517): WP_Hook->do_action(Array)
#13 D:\Development\htdocs\gem\GEM\wp-includes\template-loader.php(13): do_action('template_redire...')
#14 D:\Development\htdocs\gem\GEM\wp-blog-header.php(19): require_once('D:\\Development\\...')
#15 D:\Development\htdocs\gem\GEM\index.php(17): require('D:\\Development\\...')
#16 {main}
  thrown in D:\Development\htdocs\gem\GEM\wp-content\plugins\added-to-cart-popup-woocommerce\templates\xoo-cp-content.php on line 23

2023-07-03T07:24:01+00:00 CRITICAL Uncaught Error: Call to a member function is_visible() on null in D:\Development\htdocs\gem\GEM\wp-content\plugins\added-to-cart-popup-woocommerce\templates\xoo-cp-content.php:23
Stack trace:
#0 D:\Development\htdocs\gem\GEM\wp-content\plugins\woocommerce\includes\wc-core-functions.php(345): include()
#1 D:\Development\htdocs\gem\GEM\wp-content\plugins\added-to-cart-popup-woocommerce\includes\class-xoo-cp-core.php(42): wc_get_template('xoo-cp-content....', Array, '', 'D:\\Development\\...')
#2 D:\Development\htdocs\gem\GEM\wp-content\plugins\added-to-cart-popup-woocommerce\includes\class-xoo-cp-core.php(92): Xoo_CP_Core->get_cart_content()
#3 D:\Development\htdocs\gem\GEM\wp-includes\class-wp-hook.php(308): Xoo_CP_Core->set_ajax_fragments(Array)
#4 D:\Development\htdocs\gem\GEM\wp-includes\plugin.php(205): WP_Hook->apply_filters(Array, Array)
#5 D:\Development\htdocs\gem\GEM\wp-content\plugins\woocommerce\includes\class-wc-ajax.php(214): apply_filters('woocommerce_add...', Array)
#6 D:\Development\htdocs\gem\GEM\wp-includes\class-wp-hook.php(308): WC_AJAX::get_refreshed_fragments('')
#7 D:\Development\htdocs\gem\GEM\wp-includes\class-wp-hook.php(332): WP_Hook->apply_filters('', Array)
#8 D:\Development\htdocs\gem\GEM\wp-includes\plugin.php(517): WP_Hook->do_action(Array)
#9 D:\Development\htdocs\gem\GEM\wp-content\plugins\woocommerce\includes\class-wc-ajax.php(96): do_action('wc_ajax_get_ref...')
#10 D:\Development\htdocs\gem\GEM\wp-includes\class-wp-hook.php(308): WC_AJAX::do_wc_ajax('')
#11 D:\Development\htdocs\gem\GEM\wp-includes\class-wp-hook.php(332): WP_Hook->apply_filters(false, Array)
#12 D:\Development\htdocs\gem\GEM\wp-includes\plugin.php(517): WP_Hook->do_action(Array)
#13 D:\Development\htdocs\gem\GEM\wp-includes\template-loader.php(13): do_action('template_redire...')
#14 D:\Development\htdocs\gem\GEM\wp-blog-header.php(19): require_once('D:\\Development\\...')
#15 D:\Development\htdocs\gem\GEM\index.php(17): require('D:\\Development\\...')
#16 {main}
  thrown in D:\Development\htdocs\gem\GEM\wp-content\plugins\added-to-cart-popup-woocommerce\templates\xoo-cp-content.php on line 23

2023-07-03T07:24:56+00:00 CRITICAL Uncaught Error: Call to a member function is_visible() on null in D:\Development\htdocs\gem\GEM\wp-content\plugins\added-to-cart-popup-woocommerce\templates\xoo-cp-content.php:23
Stack trace:
#0 D:\Development\htdocs\gem\GEM\wp-content\plugins\woocommerce\includes\wc-core-functions.php(345): include()
#1 D:\Development\htdocs\gem\GEM\wp-content\plugins\added-to-cart-popup-woocommerce\includes\class-xoo-cp-core.php(42): wc_get_template('xoo-cp-content....', Array, '', 'D:\\Development\\...')
#2 D:\Development\htdocs\gem\GEM\wp-content\plugins\added-to-cart-popup-woocommerce\includes\class-xoo-cp-core.php(92): Xoo_CP_Core->get_cart_content()
#3 D:\Development\htdocs\gem\GEM\wp-includes\class-wp-hook.php(308): Xoo_CP_Core->set_ajax_fragments(Array)
#4 D:\Development\htdocs\gem\GEM\wp-includes\plugin.php(205): WP_Hook->apply_filters(Array, Array)
#5 D:\Development\htdocs\gem\GEM\wp-content\plugins\woocommerce\includes\class-wc-ajax.php(214): apply_filters('woocommerce_add...', Array)
#6 D:\Development\htdocs\gem\GEM\wp-includes\class-wp-hook.php(308): WC_AJAX::get_refreshed_fragments('')
#7 D:\Development\htdocs\gem\GEM\wp-includes\class-wp-hook.php(332): WP_Hook->apply_filters('', Array)
#8 D:\Development\htdocs\gem\GEM\wp-includes\plugin.php(517): WP_Hook->do_action(Array)
#9 D:\Development\htdocs\gem\GEM\wp-content\plugins\woocommerce\includes\class-wc-ajax.php(96): do_action('wc_ajax_get_ref...')
#10 D:\Development\htdocs\gem\GEM\wp-includes\class-wp-hook.php(308): WC_AJAX::do_wc_ajax('')
#11 D:\Development\htdocs\gem\GEM\wp-includes\class-wp-hook.php(332): WP_Hook->apply_filters(false, Array)
#12 D:\Development\htdocs\gem\GEM\wp-includes\plugin.php(517): WP_Hook->do_action(Array)
#13 D:\Development\htdocs\gem\GEM\wp-includes\template-loader.php(13): do_action('template_redire...')
#14 D:\Development\htdocs\gem\GEM\wp-blog-header.php(19): require_once('D:\\Development\\...')
#15 D:\Development\htdocs\gem\GEM\index.php(17): require('D:\\Development\\...')
#16 {main}
  thrown in D:\Development\htdocs\gem\GEM\wp-content\plugins\added-to-cart-popup-woocommerce\templates\xoo-cp-content.php on line 23

2023-07-03T07:25:02+00:00 CRITICAL Uncaught Error: Call to a member function is_visible() on null in D:\Development\htdocs\gem\GEM\wp-content\plugins\added-to-cart-popup-woocommerce\templates\xoo-cp-content.php:23
Stack trace:
#0 D:\Development\htdocs\gem\GEM\wp-content\plugins\woocommerce\includes\wc-core-functions.php(345): include()
#1 D:\Development\htdocs\gem\GEM\wp-content\plugins\added-to-cart-popup-woocommerce\includes\class-xoo-cp-core.php(42): wc_get_template('xoo-cp-content....', Array, '', 'D:\\Development\\...')
#2 D:\Development\htdocs\gem\GEM\wp-content\plugins\added-to-cart-popup-woocommerce\includes\class-xoo-cp-core.php(92): Xoo_CP_Core->get_cart_content()
#3 D:\Development\htdocs\gem\GEM\wp-includes\class-wp-hook.php(308): Xoo_CP_Core->set_ajax_fragments(Array)
#4 D:\Development\htdocs\gem\GEM\wp-includes\plugin.php(205): WP_Hook->apply_filters(Array, Array)
#5 D:\Development\htdocs\gem\GEM\wp-content\plugins\woocommerce\includes\class-wc-ajax.php(214): apply_filters('woocommerce_add...', Array)
#6 D:\Development\htdocs\gem\GEM\wp-includes\class-wp-hook.php(308): WC_AJAX::get_refreshed_fragments('')
#7 D:\Development\htdocs\gem\GEM\wp-includes\class-wp-hook.php(332): WP_Hook->apply_filters('', Array)
#8 D:\Development\htdocs\gem\GEM\wp-includes\plugin.php(517): WP_Hook->do_action(Array)
#9 D:\Development\htdocs\gem\GEM\wp-content\plugins\woocommerce\includes\class-wc-ajax.php(96): do_action('wc_ajax_get_ref...')
#10 D:\Development\htdocs\gem\GEM\wp-includes\class-wp-hook.php(308): WC_AJAX::do_wc_ajax('')
#11 D:\Development\htdocs\gem\GEM\wp-includes\class-wp-hook.php(332): WP_Hook->apply_filters(false, Array)
#12 D:\Development\htdocs\gem\GEM\wp-includes\plugin.php(517): WP_Hook->do_action(Array)
#13 D:\Development\htdocs\gem\GEM\wp-includes\template-loader.php(13): do_action('template_redire...')
#14 D:\Development\htdocs\gem\GEM\wp-blog-header.php(19): require_once('D:\\Development\\...')
#15 D:\Development\htdocs\gem\GEM\index.php(17): require('D:\\Development\\...')
#16 {main}
  thrown in D:\Development\htdocs\gem\GEM\wp-content\plugins\added-to-cart-popup-woocommerce\templates\xoo-cp-content.php on line 23

2023-07-03T07:25:07+00:00 CRITICAL Uncaught Error: Call to a member function is_visible() on null in D:\Development\htdocs\gem\GEM\wp-content\plugins\added-to-cart-popup-woocommerce\templates\xoo-cp-content.php:23
Stack trace:
#0 D:\Development\htdocs\gem\GEM\wp-content\plugins\woocommerce\includes\wc-core-functions.php(345): include()
#1 D:\Development\htdocs\gem\GEM\wp-content\plugins\added-to-cart-popup-woocommerce\includes\class-xoo-cp-core.php(42): wc_get_template('xoo-cp-content....', Array, '', 'D:\\Development\\...')
#2 D:\Development\htdocs\gem\GEM\wp-content\plugins\added-to-cart-popup-woocommerce\includes\class-xoo-cp-core.php(92): Xoo_CP_Core->get_cart_content()
#3 D:\Development\htdocs\gem\GEM\wp-includes\class-wp-hook.php(308): Xoo_CP_Core->set_ajax_fragments(Array)
#4 D:\Development\htdocs\gem\GEM\wp-includes\plugin.php(205): WP_Hook->apply_filters(Array, Array)
#5 D:\Development\htdocs\gem\GEM\wp-content\plugins\woocommerce\includes\class-wc-ajax.php(214): apply_filters('woocommerce_add...', Array)
#6 D:\Development\htdocs\gem\GEM\wp-includes\class-wp-hook.php(308): WC_AJAX::get_refreshed_fragments('')
#7 D:\Development\htdocs\gem\GEM\wp-includes\class-wp-hook.php(332): WP_Hook->apply_filters('', Array)
#8 D:\Development\htdocs\gem\GEM\wp-includes\plugin.php(517): WP_Hook->do_action(Array)
#9 D:\Development\htdocs\gem\GEM\wp-content\plugins\woocommerce\includes\class-wc-ajax.php(96): do_action('wc_ajax_get_ref...')
#10 D:\Development\htdocs\gem\GEM\wp-includes\class-wp-hook.php(308): WC_AJAX::do_wc_ajax('')
#11 D:\Development\htdocs\gem\GEM\wp-includes\class-wp-hook.php(332): WP_Hook->apply_filters(false, Array)
#12 D:\Development\htdocs\gem\GEM\wp-includes\plugin.php(517): WP_Hook->do_action(Array)
#13 D:\Development\htdocs\gem\GEM\wp-includes\template-loader.php(13): do_action('template_redire...')
#14 D:\Development\htdocs\gem\GEM\wp-blog-header.php(19): require_once('D:\\Development\\...')
#15 D:\Development\htdocs\gem\GEM\index.php(17): require('D:\\Development\\...')
#16 {main}
  thrown in D:\Development\htdocs\gem\GEM\wp-content\plugins\added-to-cart-popup-woocommerce\templates\xoo-cp-content.php on line 23

2023-07-03T07:28:18+00:00 CRITICAL Uncaught Error: Call to a member function is_visible() on null in D:\Development\htdocs\gem\GEM\wp-content\plugins\added-to-cart-popup-woocommerce\templates\xoo-cp-content.php:23
Stack trace:
#0 D:\Development\htdocs\gem\GEM\wp-content\plugins\woocommerce\includes\wc-core-functions.php(345): include()
#1 D:\Development\htdocs\gem\GEM\wp-content\plugins\added-to-cart-popup-woocommerce\includes\class-xoo-cp-core.php(42): wc_get_template('xoo-cp-content....', Array, '', 'D:\\Development\\...')
#2 D:\Development\htdocs\gem\GEM\wp-content\plugins\added-to-cart-popup-woocommerce\includes\class-xoo-cp-core.php(92): Xoo_CP_Core->get_cart_content()
#3 D:\Development\htdocs\gem\GEM\wp-includes\class-wp-hook.php(308): Xoo_CP_Core->set_ajax_fragments(Array)
#4 D:\Development\htdocs\gem\GEM\wp-includes\plugin.php(205): WP_Hook->apply_filters(Array, Array)
#5 D:\Development\htdocs\gem\GEM\wp-content\plugins\woocommerce\includes\class-wc-ajax.php(214): apply_filters('woocommerce_add...', Array)
#6 D:\Development\htdocs\gem\GEM\wp-includes\class-wp-hook.php(308): WC_AJAX::get_refreshed_fragments('')
#7 D:\Development\htdocs\gem\GEM\wp-includes\class-wp-hook.php(332): WP_Hook->apply_filters('', Array)
#8 D:\Development\htdocs\gem\GEM\wp-includes\plugin.php(517): WP_Hook->do_action(Array)
#9 D:\Development\htdocs\gem\GEM\wp-content\plugins\woocommerce\includes\class-wc-ajax.php(96): do_action('wc_ajax_get_ref...')
#10 D:\Development\htdocs\gem\GEM\wp-includes\class-wp-hook.php(308): WC_AJAX::do_wc_ajax('')
#11 D:\Development\htdocs\gem\GEM\wp-includes\class-wp-hook.php(332): WP_Hook->apply_filters(false, Array)
#12 D:\Development\htdocs\gem\GEM\wp-includes\plugin.php(517): WP_Hook->do_action(Array)
#13 D:\Development\htdocs\gem\GEM\wp-includes\template-loader.php(13): do_action('template_redire...')
#14 D:\Development\htdocs\gem\GEM\wp-blog-header.php(19): require_once('D:\\Development\\...')
#15 D:\Development\htdocs\gem\GEM\index.php(17): require('D:\\Development\\...')
#16 {main}
  thrown in D:\Development\htdocs\gem\GEM\wp-content\plugins\added-to-cart-popup-woocommerce\templates\xoo-cp-content.php on line 23

2023-07-03T09:07:41+00:00 CRITICAL Uncaught Error: Call to a member function is_visible() on null in D:\Development\htdocs\gem\GEM\wp-content\plugins\added-to-cart-popup-woocommerce\templates\xoo-cp-content.php:23
Stack trace:
#0 D:\Development\htdocs\gem\GEM\wp-content\plugins\woocommerce\includes\wc-core-functions.php(345): include()
#1 D:\Development\htdocs\gem\GEM\wp-content\plugins\added-to-cart-popup-woocommerce\includes\class-xoo-cp-core.php(42): wc_get_template('xoo-cp-content....', Array, '', 'D:\\Development\\...')
#2 D:\Development\htdocs\gem\GEM\wp-content\plugins\added-to-cart-popup-woocommerce\includes\class-xoo-cp-core.php(92): Xoo_CP_Core->get_cart_content()
#3 D:\Development\htdocs\gem\GEM\wp-includes\class-wp-hook.php(308): Xoo_CP_Core->set_ajax_fragments(Array)
#4 D:\Development\htdocs\gem\GEM\wp-includes\plugin.php(205): WP_Hook->apply_filters(Array, Array)
#5 D:\Development\htdocs\gem\GEM\wp-content\plugins\woocommerce\includes\class-wc-ajax.php(214): apply_filters('woocommerce_add...', Array)
#6 D:\Development\htdocs\gem\GEM\wp-includes\class-wp-hook.php(308): WC_AJAX::get_refreshed_fragments('')
#7 D:\Development\htdocs\gem\GEM\wp-includes\class-wp-hook.php(332): WP_Hook->apply_filters('', Array)
#8 D:\Development\htdocs\gem\GEM\wp-includes\plugin.php(517): WP_Hook->do_action(Array)
#9 D:\Development\htdocs\gem\GEM\wp-content\plugins\woocommerce\includes\class-wc-ajax.php(96): do_action('wc_ajax_get_ref...')
#10 D:\Development\htdocs\gem\GEM\wp-includes\class-wp-hook.php(308): WC_AJAX::do_wc_ajax('')
#11 D:\Development\htdocs\gem\GEM\wp-includes\class-wp-hook.php(332): WP_Hook->apply_filters(false, Array)
#12 D:\Development\htdocs\gem\GEM\wp-includes\plugin.php(517): WP_Hook->do_action(Array)
#13 D:\Development\htdocs\gem\GEM\wp-includes\template-loader.php(13): do_action('template_redire...')
#14 D:\Development\htdocs\gem\GEM\wp-blog-header.php(19): require_once('D:\\Development\\...')
#15 D:\Development\htdocs\gem\GEM\index.php(17): require('D:\\Development\\...')
#16 {main}
  thrown in D:\Development\htdocs\gem\GEM\wp-content\plugins\added-to-cart-popup-woocommerce\templates\xoo-cp-content.php on line 23

2023-07-03T10:01:16+00:00 CRITICAL Uncaught Error: Call to a member function is_visible() on null in D:\Development\htdocs\gem\GEM\wp-content\plugins\added-to-cart-popup-woocommerce\templates\xoo-cp-content.php:23
Stack trace:
#0 D:\Development\htdocs\gem\GEM\wp-content\plugins\woocommerce\includes\wc-core-functions.php(345): include()
#1 D:\Development\htdocs\gem\GEM\wp-content\plugins\added-to-cart-popup-woocommerce\includes\class-xoo-cp-core.php(42): wc_get_template('xoo-cp-content....', Array, '', 'D:\\Development\\...')
#2 D:\Development\htdocs\gem\GEM\wp-content\plugins\added-to-cart-popup-woocommerce\includes\class-xoo-cp-core.php(92): Xoo_CP_Core->get_cart_content()
#3 D:\Development\htdocs\gem\GEM\wp-includes\class-wp-hook.php(308): Xoo_CP_Core->set_ajax_fragments(Array)
#4 D:\Development\htdocs\gem\GEM\wp-includes\plugin.php(205): WP_Hook->apply_filters(Array, Array)
#5 D:\Development\htdocs\gem\GEM\wp-content\plugins\woocommerce\includes\class-wc-ajax.php(214): apply_filters('woocommerce_add...', Array)
#6 D:\Development\htdocs\gem\GEM\wp-includes\class-wp-hook.php(308): WC_AJAX::get_refreshed_fragments('')
#7 D:\Development\htdocs\gem\GEM\wp-includes\class-wp-hook.php(332): WP_Hook->apply_filters('', Array)
#8 D:\Development\htdocs\gem\GEM\wp-includes\plugin.php(517): WP_Hook->do_action(Array)
#9 D:\Development\htdocs\gem\GEM\wp-content\plugins\woocommerce\includes\class-wc-ajax.php(96): do_action('wc_ajax_get_ref...')
#10 D:\Development\htdocs\gem\GEM\wp-includes\class-wp-hook.php(308): WC_AJAX::do_wc_ajax('')
#11 D:\Development\htdocs\gem\GEM\wp-includes\class-wp-hook.php(332): WP_Hook->apply_filters(false, Array)
#12 D:\Development\htdocs\gem\GEM\wp-includes\plugin.php(517): WP_Hook->do_action(Array)
#13 D:\Development\htdocs\gem\GEM\wp-includes\template-loader.php(13): do_action('template_redire...')
#14 D:\Development\htdocs\gem\GEM\wp-blog-header.php(19): require_once('D:\\Development\\...')
#15 D:\Development\htdocs\gem\GEM\index.php(17): require('D:\\Development\\...')
#16 {main}
  thrown in D:\Development\htdocs\gem\GEM\wp-content\plugins\added-to-cart-popup-woocommerce\templates\xoo-cp-content.php on line 23

2023-07-03T10:02:11+00:00 CRITICAL Uncaught Error: Call to a member function is_visible() on null in D:\Development\htdocs\gem\GEM\wp-content\plugins\added-to-cart-popup-woocommerce\templates\xoo-cp-content.php:23
Stack trace:
#0 D:\Development\htdocs\gem\GEM\wp-content\plugins\woocommerce\includes\wc-core-functions.php(345): include()
#1 D:\Development\htdocs\gem\GEM\wp-content\plugins\added-to-cart-popup-woocommerce\includes\class-xoo-cp-core.php(42): wc_get_template('xoo-cp-content....', Array, '', 'D:\\Development\\...')
#2 D:\Development\htdocs\gem\GEM\wp-content\plugins\added-to-cart-popup-woocommerce\includes\class-xoo-cp-core.php(92): Xoo_CP_Core->get_cart_content()
#3 D:\Development\htdocs\gem\GEM\wp-includes\class-wp-hook.php(308): Xoo_CP_Core->set_ajax_fragments(Array)
#4 D:\Development\htdocs\gem\GEM\wp-includes\plugin.php(205): WP_Hook->apply_filters(Array, Array)
#5 D:\Development\htdocs\gem\GEM\wp-content\plugins\woocommerce\includes\class-wc-ajax.php(214): apply_filters('woocommerce_add...', Array)
#6 D:\Development\htdocs\gem\GEM\wp-includes\class-wp-hook.php(308): WC_AJAX::get_refreshed_fragments('')
#7 D:\Development\htdocs\gem\GEM\wp-includes\class-wp-hook.php(332): WP_Hook->apply_filters('', Array)
#8 D:\Development\htdocs\gem\GEM\wp-includes\plugin.php(517): WP_Hook->do_action(Array)
#9 D:\Development\htdocs\gem\GEM\wp-content\plugins\woocommerce\includes\class-wc-ajax.php(96): do_action('wc_ajax_get_ref...')
#10 D:\Development\htdocs\gem\GEM\wp-includes\class-wp-hook.php(308): WC_AJAX::do_wc_ajax('')
#11 D:\Development\htdocs\gem\GEM\wp-includes\class-wp-hook.php(332): WP_Hook->apply_filters(false, Array)
#12 D:\Development\htdocs\gem\GEM\wp-includes\plugin.php(517): WP_Hook->do_action(Array)
#13 D:\Development\htdocs\gem\GEM\wp-includes\template-loader.php(13): do_action('template_redire...')
#14 D:\Development\htdocs\gem\GEM\wp-blog-header.php(19): require_once('D:\\Development\\...')
#15 D:\Development\htdocs\gem\GEM\index.php(17): require('D:\\Development\\...')
#16 {main}
  thrown in D:\Development\htdocs\gem\GEM\wp-content\plugins\added-to-cart-popup-woocommerce\templates\xoo-cp-content.php on line 23

2023-07-03T10:05:12+00:00 CRITICAL Uncaught Error: Call to a member function is_visible() on null in D:\Development\htdocs\gem\GEM\wp-content\plugins\added-to-cart-popup-woocommerce\templates\xoo-cp-content.php:23
Stack trace:
#0 D:\Development\htdocs\gem\GEM\wp-content\plugins\woocommerce\includes\wc-core-functions.php(345): include()
#1 D:\Development\htdocs\gem\GEM\wp-content\plugins\added-to-cart-popup-woocommerce\includes\class-xoo-cp-core.php(42): wc_get_template('xoo-cp-content....', Array, '', 'D:\\Development\\...')
#2 D:\Development\htdocs\gem\GEM\wp-content\plugins\added-to-cart-popup-woocommerce\includes\class-xoo-cp-core.php(92): Xoo_CP_Core->get_cart_content()
#3 D:\Development\htdocs\gem\GEM\wp-includes\class-wp-hook.php(308): Xoo_CP_Core->set_ajax_fragments(Array)
#4 D:\Development\htdocs\gem\GEM\wp-includes\plugin.php(205): WP_Hook->apply_filters(Array, Array)
#5 D:\Development\htdocs\gem\GEM\wp-content\plugins\woocommerce\includes\class-wc-ajax.php(214): apply_filters('woocommerce_add...', Array)
#6 D:\Development\htdocs\gem\GEM\wp-includes\class-wp-hook.php(308): WC_AJAX::get_refreshed_fragments('')
#7 D:\Development\htdocs\gem\GEM\wp-includes\class-wp-hook.php(332): WP_Hook->apply_filters('', Array)
#8 D:\Development\htdocs\gem\GEM\wp-includes\plugin.php(517): WP_Hook->do_action(Array)
#9 D:\Development\htdocs\gem\GEM\wp-content\plugins\woocommerce\includes\class-wc-ajax.php(96): do_action('wc_ajax_get_ref...')
#10 D:\Development\htdocs\gem\GEM\wp-includes\class-wp-hook.php(308): WC_AJAX::do_wc_ajax('')
#11 D:\Development\htdocs\gem\GEM\wp-includes\class-wp-hook.php(332): WP_Hook->apply_filters(false, Array)
#12 D:\Development\htdocs\gem\GEM\wp-includes\plugin.php(517): WP_Hook->do_action(Array)
#13 D:\Development\htdocs\gem\GEM\wp-includes\template-loader.php(13): do_action('template_redire...')
#14 D:\Development\htdocs\gem\GEM\wp-blog-header.php(19): require_once('D:\\Development\\...')
#15 D:\Development\htdocs\gem\GEM\index.php(17): require('D:\\Development\\...')
#16 {main}
  thrown in D:\Development\htdocs\gem\GEM\wp-content\plugins\added-to-cart-popup-woocommerce\templates\xoo-cp-content.php on line 23

2023-07-03T10:05:46+00:00 CRITICAL Uncaught Error: Call to a member function is_visible() on null in D:\Development\htdocs\gem\GEM\wp-content\plugins\added-to-cart-popup-woocommerce\templates\xoo-cp-content.php:23
Stack trace:
#0 D:\Development\htdocs\gem\GEM\wp-content\plugins\woocommerce\includes\wc-core-functions.php(345): include()
#1 D:\Development\htdocs\gem\GEM\wp-content\plugins\added-to-cart-popup-woocommerce\includes\class-xoo-cp-core.php(42): wc_get_template('xoo-cp-content....', Array, '', 'D:\\Development\\...')
#2 D:\Development\htdocs\gem\GEM\wp-content\plugins\added-to-cart-popup-woocommerce\includes\class-xoo-cp-core.php(92): Xoo_CP_Core->get_cart_content()
#3 D:\Development\htdocs\gem\GEM\wp-includes\class-wp-hook.php(308): Xoo_CP_Core->set_ajax_fragments(Array)
#4 D:\Development\htdocs\gem\GEM\wp-includes\plugin.php(205): WP_Hook->apply_filters(Array, Array)
#5 D:\Development\htdocs\gem\GEM\wp-content\plugins\woocommerce\includes\class-wc-ajax.php(214): apply_filters('woocommerce_add...', Array)
#6 D:\Development\htdocs\gem\GEM\wp-includes\class-wp-hook.php(308): WC_AJAX::get_refreshed_fragments('')
#7 D:\Development\htdocs\gem\GEM\wp-includes\class-wp-hook.php(332): WP_Hook->apply_filters('', Array)
#8 D:\Development\htdocs\gem\GEM\wp-includes\plugin.php(517): WP_Hook->do_action(Array)
#9 D:\Development\htdocs\gem\GEM\wp-content\plugins\woocommerce\includes\class-wc-ajax.php(96): do_action('wc_ajax_get_ref...')
#10 D:\Development\htdocs\gem\GEM\wp-includes\class-wp-hook.php(308): WC_AJAX::do_wc_ajax('')
#11 D:\Development\htdocs\gem\GEM\wp-includes\class-wp-hook.php(332): WP_Hook->apply_filters(false, Array)
#12 D:\Development\htdocs\gem\GEM\wp-includes\plugin.php(517): WP_Hook->do_action(Array)
#13 D:\Development\htdocs\gem\GEM\wp-includes\template-loader.php(13): do_action('template_redire...')
#14 D:\Development\htdocs\gem\GEM\wp-blog-header.php(19): require_once('D:\\Development\\...')
#15 D:\Development\htdocs\gem\GEM\index.php(17): require('D:\\Development\\...')
#16 {main}
  thrown in D:\Development\htdocs\gem\GEM\wp-content\plugins\added-to-cart-popup-woocommerce\templates\xoo-cp-content.php on line 23

2023-07-03T10:06:40+00:00 CRITICAL Uncaught Error: Call to a member function is_visible() on null in D:\Development\htdocs\gem\GEM\wp-content\plugins\added-to-cart-popup-woocommerce\templates\xoo-cp-content.php:23
Stack trace:
#0 D:\Development\htdocs\gem\GEM\wp-content\plugins\woocommerce\includes\wc-core-functions.php(345): include()
#1 D:\Development\htdocs\gem\GEM\wp-content\plugins\added-to-cart-popup-woocommerce\includes\class-xoo-cp-core.php(42): wc_get_template('xoo-cp-content....', Array, '', 'D:\\Development\\...')
#2 D:\Development\htdocs\gem\GEM\wp-content\plugins\added-to-cart-popup-woocommerce\includes\class-xoo-cp-core.php(92): Xoo_CP_Core->get_cart_content()
#3 D:\Development\htdocs\gem\GEM\wp-includes\class-wp-hook.php(308): Xoo_CP_Core->set_ajax_fragments(Array)
#4 D:\Development\htdocs\gem\GEM\wp-includes\plugin.php(205): WP_Hook->apply_filters(Array, Array)
#5 D:\Development\htdocs\gem\GEM\wp-content\plugins\woocommerce\includes\class-wc-ajax.php(214): apply_filters('woocommerce_add...', Array)
#6 D:\Development\htdocs\gem\GEM\wp-includes\class-wp-hook.php(308): WC_AJAX::get_refreshed_fragments('')
#7 D:\Development\htdocs\gem\GEM\wp-includes\class-wp-hook.php(332): WP_Hook->apply_filters('', Array)
#8 D:\Development\htdocs\gem\GEM\wp-includes\plugin.php(517): WP_Hook->do_action(Array)
#9 D:\Development\htdocs\gem\GEM\wp-content\plugins\woocommerce\includes\class-wc-ajax.php(96): do_action('wc_ajax_get_ref...')
#10 D:\Development\htdocs\gem\GEM\wp-includes\class-wp-hook.php(308): WC_AJAX::do_wc_ajax('')
#11 D:\Development\htdocs\gem\GEM\wp-includes\class-wp-hook.php(332): WP_Hook->apply_filters(false, Array)
#12 D:\Development\htdocs\gem\GEM\wp-includes\plugin.php(517): WP_Hook->do_action(Array)
#13 D:\Development\htdocs\gem\GEM\wp-includes\template-loader.php(13): do_action('template_redire...')
#14 D:\Development\htdocs\gem\GEM\wp-blog-header.php(19): require_once('D:\\Development\\...')
#15 D:\Development\htdocs\gem\GEM\index.php(17): require('D:\\Development\\...')
#16 {main}
  thrown in D:\Development\htdocs\gem\GEM\wp-content\plugins\added-to-cart-popup-woocommerce\templates\xoo-cp-content.php on line 23

2023-07-03T10:40:00+00:00 CRITICAL Uncaught Error: Call to a member function is_visible() on null in D:\Development\htdocs\gem\GEM\wp-content\plugins\added-to-cart-popup-woocommerce\templates\xoo-cp-content.php:23
Stack trace:
#0 D:\Development\htdocs\gem\GEM\wp-content\plugins\woocommerce\includes\wc-core-functions.php(345): include()
#1 D:\Development\htdocs\gem\GEM\wp-content\plugins\added-to-cart-popup-woocommerce\includes\class-xoo-cp-core.php(42): wc_get_template('xoo-cp-content....', Array, '', 'D:\\Development\\...')
#2 D:\Development\htdocs\gem\GEM\wp-content\plugins\added-to-cart-popup-woocommerce\includes\class-xoo-cp-core.php(92): Xoo_CP_Core->get_cart_content()
#3 D:\Development\htdocs\gem\GEM\wp-includes\class-wp-hook.php(308): Xoo_CP_Core->set_ajax_fragments(Array)
#4 D:\Development\htdocs\gem\GEM\wp-includes\plugin.php(205): WP_Hook->apply_filters(Array, Array)
#5 D:\Development\htdocs\gem\GEM\wp-content\plugins\woocommerce\includes\class-wc-ajax.php(214): apply_filters('woocommerce_add...', Array)
#6 D:\Development\htdocs\gem\GEM\wp-includes\class-wp-hook.php(308): WC_AJAX::get_refreshed_fragments('')
#7 D:\Development\htdocs\gem\GEM\wp-includes\class-wp-hook.php(332): WP_Hook->apply_filters('', Array)
#8 D:\Development\htdocs\gem\GEM\wp-includes\plugin.php(517): WP_Hook->do_action(Array)
#9 D:\Development\htdocs\gem\GEM\wp-content\plugins\woocommerce\includes\class-wc-ajax.php(96): do_action('wc_ajax_get_ref...')
#10 D:\Development\htdocs\gem\GEM\wp-includes\class-wp-hook.php(308): WC_AJAX::do_wc_ajax('')
#11 D:\Development\htdocs\gem\GEM\wp-includes\class-wp-hook.php(332): WP_Hook->apply_filters(false, Array)
#12 D:\Development\htdocs\gem\GEM\wp-includes\plugin.php(517): WP_Hook->do_action(Array)
#13 D:\Development\htdocs\gem\GEM\wp-includes\template-loader.php(13): do_action('template_redire...')
#14 D:\Development\htdocs\gem\GEM\wp-blog-header.php(19): require_once('D:\\Development\\...')
#15 D:\Development\htdocs\gem\GEM\index.php(17): require('D:\\Development\\...')
#16 {main}
  thrown in D:\Development\htdocs\gem\GEM\wp-content\plugins\added-to-cart-popup-woocommerce\templates\xoo-cp-content.php on line 23

2023-07-03T10:40:10+00:00 CRITICAL Uncaught Error: Call to a member function is_visible() on null in D:\Development\htdocs\gem\GEM\wp-content\plugins\added-to-cart-popup-woocommerce\templates\xoo-cp-content.php:23
Stack trace:
#0 D:\Development\htdocs\gem\GEM\wp-content\plugins\woocommerce\includes\wc-core-functions.php(345): include()
#1 D:\Development\htdocs\gem\GEM\wp-content\plugins\added-to-cart-popup-woocommerce\includes\class-xoo-cp-core.php(42): wc_get_template('xoo-cp-content....', Array, '', 'D:\\Development\\...')
#2 D:\Development\htdocs\gem\GEM\wp-content\plugins\added-to-cart-popup-woocommerce\includes\class-xoo-cp-core.php(92): Xoo_CP_Core->get_cart_content()
#3 D:\Development\htdocs\gem\GEM\wp-includes\class-wp-hook.php(308): Xoo_CP_Core->set_ajax_fragments(Array)
#4 D:\Development\htdocs\gem\GEM\wp-includes\plugin.php(205): WP_Hook->apply_filters(Array, Array)
#5 D:\Development\htdocs\gem\GEM\wp-content\plugins\woocommerce\includes\class-wc-ajax.php(214): apply_filters('woocommerce_add...', Array)
#6 D:\Development\htdocs\gem\GEM\wp-includes\class-wp-hook.php(308): WC_AJAX::get_refreshed_fragments('')
#7 D:\Development\htdocs\gem\GEM\wp-includes\class-wp-hook.php(332): WP_Hook->apply_filters('', Array)
#8 D:\Development\htdocs\gem\GEM\wp-includes\plugin.php(517): WP_Hook->do_action(Array)
#9 D:\Development\htdocs\gem\GEM\wp-content\plugins\woocommerce\includes\class-wc-ajax.php(96): do_action('wc_ajax_get_ref...')
#10 D:\Development\htdocs\gem\GEM\wp-includes\class-wp-hook.php(308): WC_AJAX::do_wc_ajax('')
#11 D:\Development\htdocs\gem\GEM\wp-includes\class-wp-hook.php(332): WP_Hook->apply_filters(false, Array)
#12 D:\Development\htdocs\gem\GEM\wp-includes\plugin.php(517): WP_Hook->do_action(Array)
#13 D:\Development\htdocs\gem\GEM\wp-includes\template-loader.php(13): do_action('template_redire...')
#14 D:\Development\htdocs\gem\GEM\wp-blog-header.php(19): require_once('D:\\Development\\...')
#15 D:\Development\htdocs\gem\GEM\index.php(17): require('D:\\Development\\...')
#16 {main}
  thrown in D:\Development\htdocs\gem\GEM\wp-content\plugins\added-to-cart-popup-woocommerce\templates\xoo-cp-content.php on line 23

2023-07-03T10:40:12+00:00 CRITICAL Uncaught Error: Call to a member function is_visible() on null in D:\Development\htdocs\gem\GEM\wp-content\plugins\added-to-cart-popup-woocommerce\templates\xoo-cp-content.php:23
Stack trace:
#0 D:\Development\htdocs\gem\GEM\wp-content\plugins\woocommerce\includes\wc-core-functions.php(345): include()
#1 D:\Development\htdocs\gem\GEM\wp-content\plugins\added-to-cart-popup-woocommerce\includes\class-xoo-cp-core.php(42): wc_get_template('xoo-cp-content....', Array, '', 'D:\\Development\\...')
#2 D:\Development\htdocs\gem\GEM\wp-content\plugins\added-to-cart-popup-woocommerce\includes\class-xoo-cp-core.php(92): Xoo_CP_Core->get_cart_content()
#3 D:\Development\htdocs\gem\GEM\wp-includes\class-wp-hook.php(308): Xoo_CP_Core->set_ajax_fragments(Array)
#4 D:\Development\htdocs\gem\GEM\wp-includes\plugin.php(205): WP_Hook->apply_filters(Array, Array)
#5 D:\Development\htdocs\gem\GEM\wp-content\plugins\woocommerce\includes\class-wc-ajax.php(214): apply_filters('woocommerce_add...', Array)
#6 D:\Development\htdocs\gem\GEM\wp-includes\class-wp-hook.php(308): WC_AJAX::get_refreshed_fragments('')
#7 D:\Development\htdocs\gem\GEM\wp-includes\class-wp-hook.php(332): WP_Hook->apply_filters('', Array)
#8 D:\Development\htdocs\gem\GEM\wp-includes\plugin.php(517): WP_Hook->do_action(Array)
#9 D:\Development\htdocs\gem\GEM\wp-content\plugins\woocommerce\includes\class-wc-ajax.php(96): do_action('wc_ajax_get_ref...')
#10 D:\Development\htdocs\gem\GEM\wp-includes\class-wp-hook.php(308): WC_AJAX::do_wc_ajax('')
#11 D:\Development\htdocs\gem\GEM\wp-includes\class-wp-hook.php(332): WP_Hook->apply_filters(false, Array)
#12 D:\Development\htdocs\gem\GEM\wp-includes\plugin.php(517): WP_Hook->do_action(Array)
#13 D:\Development\htdocs\gem\GEM\wp-includes\template-loader.php(13): do_action('template_redire...')
#14 D:\Development\htdocs\gem\GEM\wp-blog-header.php(19): require_once('D:\\Development\\...')
#15 D:\Development\htdocs\gem\GEM\index.php(17): require('D:\\Development\\...')
#16 {main}
  thrown in D:\Development\htdocs\gem\GEM\wp-content\plugins\added-to-cart-popup-woocommerce\templates\xoo-cp-content.php on line 23

2023-07-03T10:40:16+00:00 CRITICAL Uncaught Error: Call to a member function is_visible() on null in D:\Development\htdocs\gem\GEM\wp-content\plugins\added-to-cart-popup-woocommerce\templates\xoo-cp-content.php:23
Stack trace:
#0 D:\Development\htdocs\gem\GEM\wp-content\plugins\woocommerce\includes\wc-core-functions.php(345): include()
#1 D:\Development\htdocs\gem\GEM\wp-content\plugins\added-to-cart-popup-woocommerce\includes\class-xoo-cp-core.php(42): wc_get_template('xoo-cp-content....', Array, '', 'D:\\Development\\...')
#2 D:\Development\htdocs\gem\GEM\wp-content\plugins\added-to-cart-popup-woocommerce\includes\class-xoo-cp-core.php(92): Xoo_CP_Core->get_cart_content()
#3 D:\Development\htdocs\gem\GEM\wp-includes\class-wp-hook.php(308): Xoo_CP_Core->set_ajax_fragments(Array)
#4 D:\Development\htdocs\gem\GEM\wp-includes\plugin.php(205): WP_Hook->apply_filters(Array, Array)
#5 D:\Development\htdocs\gem\GEM\wp-content\plugins\woocommerce\includes\class-wc-ajax.php(214): apply_filters('woocommerce_add...', Array)
#6 D:\Development\htdocs\gem\GEM\wp-includes\class-wp-hook.php(308): WC_AJAX::get_refreshed_fragments('')
#7 D:\Development\htdocs\gem\GEM\wp-includes\class-wp-hook.php(332): WP_Hook->apply_filters('', Array)
#8 D:\Development\htdocs\gem\GEM\wp-includes\plugin.php(517): WP_Hook->do_action(Array)
#9 D:\Development\htdocs\gem\GEM\wp-content\plugins\woocommerce\includes\class-wc-ajax.php(96): do_action('wc_ajax_get_ref...')
#10 D:\Development\htdocs\gem\GEM\wp-includes\class-wp-hook.php(308): WC_AJAX::do_wc_ajax('')
#11 D:\Development\htdocs\gem\GEM\wp-includes\class-wp-hook.php(332): WP_Hook->apply_filters(false, Array)
#12 D:\Development\htdocs\gem\GEM\wp-includes\plugin.php(517): WP_Hook->do_action(Array)
#13 D:\Development\htdocs\gem\GEM\wp-includes\template-loader.php(13): do_action('template_redire...')
#14 D:\Development\htdocs\gem\GEM\wp-blog-header.php(19): require_once('D:\\Development\\...')
#15 D:\Development\htdocs\gem\GEM\index.php(17): require('D:\\Development\\...')
#16 {main}
  thrown in D:\Development\htdocs\gem\GEM\wp-content\plugins\added-to-cart-popup-woocommerce\templates\xoo-cp-content.php on line 23

2023-07-03T10:45:12+00:00 CRITICAL Uncaught Error: Call to a member function is_visible() on null in D:\Development\htdocs\gem\GEM\wp-content\plugins\added-to-cart-popup-woocommerce\templates\xoo-cp-content.php:23
Stack trace:
#0 D:\Development\htdocs\gem\GEM\wp-content\plugins\woocommerce\includes\wc-core-functions.php(345): include()
#1 D:\Development\htdocs\gem\GEM\wp-content\plugins\added-to-cart-popup-woocommerce\includes\class-xoo-cp-core.php(42): wc_get_template('xoo-cp-content....', Array, '', 'D:\\Development\\...')
#2 D:\Development\htdocs\gem\GEM\wp-content\plugins\added-to-cart-popup-woocommerce\includes\class-xoo-cp-core.php(92): Xoo_CP_Core->get_cart_content()
#3 D:\Development\htdocs\gem\GEM\wp-includes\class-wp-hook.php(308): Xoo_CP_Core->set_ajax_fragments(Array)
#4 D:\Development\htdocs\gem\GEM\wp-includes\plugin.php(205): WP_Hook->apply_filters(Array, Array)
#5 D:\Development\htdocs\gem\GEM\wp-content\plugins\woocommerce\includes\class-wc-ajax.php(214): apply_filters('woocommerce_add...', Array)
#6 D:\Development\htdocs\gem\GEM\wp-includes\class-wp-hook.php(308): WC_AJAX::get_refreshed_fragments('')
#7 D:\Development\htdocs\gem\GEM\wp-includes\class-wp-hook.php(332): WP_Hook->apply_filters('', Array)
#8 D:\Development\htdocs\gem\GEM\wp-includes\plugin.php(517): WP_Hook->do_action(Array)
#9 D:\Development\htdocs\gem\GEM\wp-content\plugins\woocommerce\includes\class-wc-ajax.php(96): do_action('wc_ajax_get_ref...')
#10 D:\Development\htdocs\gem\GEM\wp-includes\class-wp-hook.php(308): WC_AJAX::do_wc_ajax('')
#11 D:\Development\htdocs\gem\GEM\wp-includes\class-wp-hook.php(332): WP_Hook->apply_filters(false, Array)
#12 D:\Development\htdocs\gem\GEM\wp-includes\plugin.php(517): WP_Hook->do_action(Array)
#13 D:\Development\htdocs\gem\GEM\wp-includes\template-loader.php(13): do_action('template_redire...')
#14 D:\Development\htdocs\gem\GEM\wp-blog-header.php(19): require_once('D:\\Development\\...')
#15 D:\Development\htdocs\gem\GEM\index.php(17): require('D:\\Development\\...')
#16 {main}
  thrown in D:\Development\htdocs\gem\GEM\wp-content\plugins\added-to-cart-popup-woocommerce\templates\xoo-cp-content.php on line 23

2023-07-03T10:54:26+00:00 CRITICAL Uncaught Error: Call to a member function is_visible() on null in D:\Development\htdocs\gem\GEM\wp-content\plugins\added-to-cart-popup-woocommerce\templates\xoo-cp-content.php:23
Stack trace:
#0 D:\Development\htdocs\gem\GEM\wp-content\plugins\woocommerce\includes\wc-core-functions.php(345): include()
#1 D:\Development\htdocs\gem\GEM\wp-content\plugins\added-to-cart-popup-woocommerce\includes\class-xoo-cp-core.php(42): wc_get_template('xoo-cp-content....', Array, '', 'D:\\Development\\...')
#2 D:\Development\htdocs\gem\GEM\wp-content\plugins\added-to-cart-popup-woocommerce\includes\class-xoo-cp-core.php(92): Xoo_CP_Core->get_cart_content()
#3 D:\Development\htdocs\gem\GEM\wp-includes\class-wp-hook.php(308): Xoo_CP_Core->set_ajax_fragments(Array)
#4 D:\Development\htdocs\gem\GEM\wp-includes\plugin.php(205): WP_Hook->apply_filters(Array, Array)
#5 D:\Development\htdocs\gem\GEM\wp-content\plugins\woocommerce\includes\class-wc-ajax.php(214): apply_filters('woocommerce_add...', Array)
#6 D:\Development\htdocs\gem\GEM\wp-includes\class-wp-hook.php(308): WC_AJAX::get_refreshed_fragments('')
#7 D:\Development\htdocs\gem\GEM\wp-includes\class-wp-hook.php(332): WP_Hook->apply_filters('', Array)
#8 D:\Development\htdocs\gem\GEM\wp-includes\plugin.php(517): WP_Hook->do_action(Array)
#9 D:\Development\htdocs\gem\GEM\wp-content\plugins\woocommerce\includes\class-wc-ajax.php(96): do_action('wc_ajax_get_ref...')
#10 D:\Development\htdocs\gem\GEM\wp-includes\class-wp-hook.php(308): WC_AJAX::do_wc_ajax('')
#11 D:\Development\htdocs\gem\GEM\wp-includes\class-wp-hook.php(332): WP_Hook->apply_filters(false, Array)
#12 D:\Development\htdocs\gem\GEM\wp-includes\plugin.php(517): WP_Hook->do_action(Array)
#13 D:\Development\htdocs\gem\GEM\wp-includes\template-loader.php(13): do_action('template_redire...')
#14 D:\Development\htdocs\gem\GEM\wp-blog-header.php(19): require_once('D:\\Development\\...')
#15 D:\Development\htdocs\gem\GEM\index.php(17): require('D:\\Development\\...')
#16 {main}
  thrown in D:\Development\htdocs\gem\GEM\wp-content\plugins\added-to-cart-popup-woocommerce\templates\xoo-cp-content.php on line 23

2023-07-03T10:56:20+00:00 CRITICAL Uncaught Error: Call to a member function is_visible() on null in D:\Development\htdocs\gem\GEM\wp-content\plugins\added-to-cart-popup-woocommerce\templates\xoo-cp-content.php:23
Stack trace:
#0 D:\Development\htdocs\gem\GEM\wp-content\plugins\woocommerce\includes\wc-core-functions.php(345): include()
#1 D:\Development\htdocs\gem\GEM\wp-content\plugins\added-to-cart-popup-woocommerce\includes\class-xoo-cp-core.php(42): wc_get_template('xoo-cp-content....', Array, '', 'D:\\Development\\...')
#2 D:\Development\htdocs\gem\GEM\wp-content\plugins\added-to-cart-popup-woocommerce\includes\class-xoo-cp-core.php(92): Xoo_CP_Core->get_cart_content()
#3 D:\Development\htdocs\gem\GEM\wp-includes\class-wp-hook.php(308): Xoo_CP_Core->set_ajax_fragments(Array)
#4 D:\Development\htdocs\gem\GEM\wp-includes\plugin.php(205): WP_Hook->apply_filters(Array, Array)
#5 D:\Development\htdocs\gem\GEM\wp-content\plugins\woocommerce\includes\class-wc-ajax.php(214): apply_filters('woocommerce_add...', Array)
#6 D:\Development\htdocs\gem\GEM\wp-includes\class-wp-hook.php(308): WC_AJAX::get_refreshed_fragments('')
#7 D:\Development\htdocs\gem\GEM\wp-includes\class-wp-hook.php(332): WP_Hook->apply_filters('', Array)
#8 D:\Development\htdocs\gem\GEM\wp-includes\plugin.php(517): WP_Hook->do_action(Array)
#9 D:\Development\htdocs\gem\GEM\wp-content\plugins\woocommerce\includes\class-wc-ajax.php(96): do_action('wc_ajax_get_ref...')
#10 D:\Development\htdocs\gem\GEM\wp-includes\class-wp-hook.php(308): WC_AJAX::do_wc_ajax('')
#11 D:\Development\htdocs\gem\GEM\wp-includes\class-wp-hook.php(332): WP_Hook->apply_filters(false, Array)
#12 D:\Development\htdocs\gem\GEM\wp-includes\plugin.php(517): WP_Hook->do_action(Array)
#13 D:\Development\htdocs\gem\GEM\wp-includes\template-loader.php(13): do_action('template_redire...')
#14 D:\Development\htdocs\gem\GEM\wp-blog-header.php(19): require_once('D:\\Development\\...')
#15 D:\Development\htdocs\gem\GEM\index.php(17): require('D:\\Development\\...')
#16 {main}
  thrown in D:\Development\htdocs\gem\GEM\wp-content\plugins\added-to-cart-popup-woocommerce\templates\xoo-cp-content.php on line 23

2023-07-03T10:59:33+00:00 CRITICAL Uncaught Error: Call to a member function is_visible() on null in D:\Development\htdocs\gem\GEM\wp-content\plugins\added-to-cart-popup-woocommerce\templates\xoo-cp-content.php:23
Stack trace:
#0 D:\Development\htdocs\gem\GEM\wp-content\plugins\woocommerce\includes\wc-core-functions.php(345): include()
#1 D:\Development\htdocs\gem\GEM\wp-content\plugins\added-to-cart-popup-woocommerce\includes\class-xoo-cp-core.php(42): wc_get_template('xoo-cp-content....', Array, '', 'D:\\Development\\...')
#2 D:\Development\htdocs\gem\GEM\wp-content\plugins\added-to-cart-popup-woocommerce\includes\class-xoo-cp-core.php(92): Xoo_CP_Core->get_cart_content()
#3 D:\Development\htdocs\gem\GEM\wp-includes\class-wp-hook.php(308): Xoo_CP_Core->set_ajax_fragments(Array)
#4 D:\Development\htdocs\gem\GEM\wp-includes\plugin.php(205): WP_Hook->apply_filters(Array, Array)
#5 D:\Development\htdocs\gem\GEM\wp-content\plugins\woocommerce\includes\class-wc-ajax.php(214): apply_filters('woocommerce_add...', Array)
#6 D:\Development\htdocs\gem\GEM\wp-includes\class-wp-hook.php(308): WC_AJAX::get_refreshed_fragments('')
#7 D:\Development\htdocs\gem\GEM\wp-includes\class-wp-hook.php(332): WP_Hook->apply_filters('', Array)
#8 D:\Development\htdocs\gem\GEM\wp-includes\plugin.php(517): WP_Hook->do_action(Array)
#9 D:\Development\htdocs\gem\GEM\wp-content\plugins\woocommerce\includes\class-wc-ajax.php(96): do_action('wc_ajax_get_ref...')
#10 D:\Development\htdocs\gem\GEM\wp-includes\class-wp-hook.php(308): WC_AJAX::do_wc_ajax('')
#11 D:\Development\htdocs\gem\GEM\wp-includes\class-wp-hook.php(332): WP_Hook->apply_filters(false, Array)
#12 D:\Development\htdocs\gem\GEM\wp-includes\plugin.php(517): WP_Hook->do_action(Array)
#13 D:\Development\htdocs\gem\GEM\wp-includes\template-loader.php(13): do_action('template_redire...')
#14 D:\Development\htdocs\gem\GEM\wp-blog-header.php(19): require_once('D:\\Development\\...')
#15 D:\Development\htdocs\gem\GEM\index.php(17): require('D:\\Development\\...')
#16 {main}
  thrown in D:\Development\htdocs\gem\GEM\wp-content\plugins\added-to-cart-popup-woocommerce\templates\xoo-cp-content.php on line 23

2023-07-03T11:02:49+00:00 CRITICAL Uncaught Error: Call to a member function is_visible() on null in D:\Development\htdocs\gem\GEM\wp-content\plugins\added-to-cart-popup-woocommerce\templates\xoo-cp-content.php:23
Stack trace:
#0 D:\Development\htdocs\gem\GEM\wp-content\plugins\woocommerce\includes\wc-core-functions.php(345): include()
#1 D:\Development\htdocs\gem\GEM\wp-content\plugins\added-to-cart-popup-woocommerce\includes\class-xoo-cp-core.php(42): wc_get_template('xoo-cp-content....', Array, '', 'D:\\Development\\...')
#2 D:\Development\htdocs\gem\GEM\wp-content\plugins\added-to-cart-popup-woocommerce\includes\class-xoo-cp-core.php(92): Xoo_CP_Core->get_cart_content()
#3 D:\Development\htdocs\gem\GEM\wp-includes\class-wp-hook.php(308): Xoo_CP_Core->set_ajax_fragments(Array)
#4 D:\Development\htdocs\gem\GEM\wp-includes\plugin.php(205): WP_Hook->apply_filters(Array, Array)
#5 D:\Development\htdocs\gem\GEM\wp-content\plugins\woocommerce\includes\class-wc-ajax.php(214): apply_filters('woocommerce_add...', Array)
#6 D:\Development\htdocs\gem\GEM\wp-includes\class-wp-hook.php(308): WC_AJAX::get_refreshed_fragments('')
#7 D:\Development\htdocs\gem\GEM\wp-includes\class-wp-hook.php(332): WP_Hook->apply_filters('', Array)
#8 D:\Development\htdocs\gem\GEM\wp-includes\plugin.php(517): WP_Hook->do_action(Array)
#9 D:\Development\htdocs\gem\GEM\wp-content\plugins\woocommerce\includes\class-wc-ajax.php(96): do_action('wc_ajax_get_ref...')
#10 D:\Development\htdocs\gem\GEM\wp-includes\class-wp-hook.php(308): WC_AJAX::do_wc_ajax('')
#11 D:\Development\htdocs\gem\GEM\wp-includes\class-wp-hook.php(332): WP_Hook->apply_filters(false, Array)
#12 D:\Development\htdocs\gem\GEM\wp-includes\plugin.php(517): WP_Hook->do_action(Array)
#13 D:\Development\htdocs\gem\GEM\wp-includes\template-loader.php(13): do_action('template_redire...')
#14 D:\Development\htdocs\gem\GEM\wp-blog-header.php(19): require_once('D:\\Development\\...')
#15 D:\Development\htdocs\gem\GEM\index.php(17): require('D:\\Development\\...')
#16 {main}
  thrown in D:\Development\htdocs\gem\GEM\wp-content\plugins\added-to-cart-popup-woocommerce\templates\xoo-cp-content.php on line 23

2023-07-03T11:03:25+00:00 CRITICAL Uncaught Error: Call to a member function is_visible() on null in D:\Development\htdocs\gem\GEM\wp-content\plugins\added-to-cart-popup-woocommerce\templates\xoo-cp-content.php:23
Stack trace:
#0 D:\Development\htdocs\gem\GEM\wp-content\plugins\woocommerce\includes\wc-core-functions.php(345): include()
#1 D:\Development\htdocs\gem\GEM\wp-content\plugins\added-to-cart-popup-woocommerce\includes\class-xoo-cp-core.php(42): wc_get_template('xoo-cp-content....', Array, '', 'D:\\Development\\...')
#2 D:\Development\htdocs\gem\GEM\wp-content\plugins\added-to-cart-popup-woocommerce\includes\class-xoo-cp-core.php(92): Xoo_CP_Core->get_cart_content()
#3 D:\Development\htdocs\gem\GEM\wp-includes\class-wp-hook.php(308): Xoo_CP_Core->set_ajax_fragments(Array)
#4 D:\Development\htdocs\gem\GEM\wp-includes\plugin.php(205): WP_Hook->apply_filters(Array, Array)
#5 D:\Development\htdocs\gem\GEM\wp-content\plugins\woocommerce\includes\class-wc-ajax.php(214): apply_filters('woocommerce_add...', Array)
#6 D:\Development\htdocs\gem\GEM\wp-includes\class-wp-hook.php(308): WC_AJAX::get_refreshed_fragments('')
#7 D:\Development\htdocs\gem\GEM\wp-includes\class-wp-hook.php(332): WP_Hook->apply_filters('', Array)
#8 D:\Development\htdocs\gem\GEM\wp-includes\plugin.php(517): WP_Hook->do_action(Array)
#9 D:\Development\htdocs\gem\GEM\wp-content\plugins\woocommerce\includes\class-wc-ajax.php(96): do_action('wc_ajax_get_ref...')
#10 D:\Development\htdocs\gem\GEM\wp-includes\class-wp-hook.php(308): WC_AJAX::do_wc_ajax('')
#11 D:\Development\htdocs\gem\GEM\wp-includes\class-wp-hook.php(332): WP_Hook->apply_filters(false, Array)
#12 D:\Development\htdocs\gem\GEM\wp-includes\plugin.php(517): WP_Hook->do_action(Array)
#13 D:\Development\htdocs\gem\GEM\wp-includes\template-loader.php(13): do_action('template_redire...')
#14 D:\Development\htdocs\gem\GEM\wp-blog-header.php(19): require_once('D:\\Development\\...')
#15 D:\Development\htdocs\gem\GEM\index.php(17): require('D:\\Development\\...')
#16 {main}
  thrown in D:\Development\htdocs\gem\GEM\wp-content\plugins\added-to-cart-popup-woocommerce\templates\xoo-cp-content.php on line 23

2023-07-03T11:05:46+00:00 CRITICAL Uncaught Error: Call to a member function is_visible() on null in D:\Development\htdocs\gem\GEM\wp-content\plugins\added-to-cart-popup-woocommerce\templates\xoo-cp-content.php:23
Stack trace:
#0 D:\Development\htdocs\gem\GEM\wp-content\plugins\woocommerce\includes\wc-core-functions.php(345): include()
#1 D:\Development\htdocs\gem\GEM\wp-content\plugins\added-to-cart-popup-woocommerce\includes\class-xoo-cp-core.php(42): wc_get_template('xoo-cp-content....', Array, '', 'D:\\Development\\...')
#2 D:\Development\htdocs\gem\GEM\wp-content\plugins\added-to-cart-popup-woocommerce\includes\class-xoo-cp-core.php(92): Xoo_CP_Core->get_cart_content()
#3 D:\Development\htdocs\gem\GEM\wp-includes\class-wp-hook.php(308): Xoo_CP_Core->set_ajax_fragments(Array)
#4 D:\Development\htdocs\gem\GEM\wp-includes\plugin.php(205): WP_Hook->apply_filters(Array, Array)
#5 D:\Development\htdocs\gem\GEM\wp-content\plugins\woocommerce\includes\class-wc-ajax.php(214): apply_filters('woocommerce_add...', Array)
#6 D:\Development\htdocs\gem\GEM\wp-includes\class-wp-hook.php(308): WC_AJAX::get_refreshed_fragments('')
#7 D:\Development\htdocs\gem\GEM\wp-includes\class-wp-hook.php(332): WP_Hook->apply_filters('', Array)
#8 D:\Development\htdocs\gem\GEM\wp-includes\plugin.php(517): WP_Hook->do_action(Array)
#9 D:\Development\htdocs\gem\GEM\wp-content\plugins\woocommerce\includes\class-wc-ajax.php(96): do_action('wc_ajax_get_ref...')
#10 D:\Development\htdocs\gem\GEM\wp-includes\class-wp-hook.php(308): WC_AJAX::do_wc_ajax('')
#11 D:\Development\htdocs\gem\GEM\wp-includes\class-wp-hook.php(332): WP_Hook->apply_filters(false, Array)
#12 D:\Development\htdocs\gem\GEM\wp-includes\plugin.php(517): WP_Hook->do_action(Array)
#13 D:\Development\htdocs\gem\GEM\wp-includes\template-loader.php(13): do_action('template_redire...')
#14 D:\Development\htdocs\gem\GEM\wp-blog-header.php(19): require_once('D:\\Development\\...')
#15 D:\Development\htdocs\gem\GEM\index.php(17): require('D:\\Development\\...')
#16 {main}
  thrown in D:\Development\htdocs\gem\GEM\wp-content\plugins\added-to-cart-popup-woocommerce\templates\xoo-cp-content.php on line 23

2023-07-03T11:09:03+00:00 CRITICAL Uncaught Error: Call to a member function is_visible() on null in D:\Development\htdocs\gem\GEM\wp-content\plugins\added-to-cart-popup-woocommerce\templates\xoo-cp-content.php:23
Stack trace:
#0 D:\Development\htdocs\gem\GEM\wp-content\plugins\woocommerce\includes\wc-core-functions.php(345): include()
#1 D:\Development\htdocs\gem\GEM\wp-content\plugins\added-to-cart-popup-woocommerce\includes\class-xoo-cp-core.php(42): wc_get_template('xoo-cp-content....', Array, '', 'D:\\Development\\...')
#2 D:\Development\htdocs\gem\GEM\wp-content\plugins\added-to-cart-popup-woocommerce\includes\class-xoo-cp-core.php(92): Xoo_CP_Core->get_cart_content()
#3 D:\Development\htdocs\gem\GEM\wp-includes\class-wp-hook.php(308): Xoo_CP_Core->set_ajax_fragments(Array)
#4 D:\Development\htdocs\gem\GEM\wp-includes\plugin.php(205): WP_Hook->apply_filters(Array, Array)
#5 D:\Development\htdocs\gem\GEM\wp-content\plugins\woocommerce\includes\class-wc-ajax.php(214): apply_filters('woocommerce_add...', Array)
#6 D:\Development\htdocs\gem\GEM\wp-includes\class-wp-hook.php(308): WC_AJAX::get_refreshed_fragments('')
#7 D:\Development\htdocs\gem\GEM\wp-includes\class-wp-hook.php(332): WP_Hook->apply_filters('', Array)
#8 D:\Development\htdocs\gem\GEM\wp-includes\plugin.php(517): WP_Hook->do_action(Array)
#9 D:\Development\htdocs\gem\GEM\wp-content\plugins\woocommerce\includes\class-wc-ajax.php(96): do_action('wc_ajax_get_ref...')
#10 D:\Development\htdocs\gem\GEM\wp-includes\class-wp-hook.php(308): WC_AJAX::do_wc_ajax('')
#11 D:\Development\htdocs\gem\GEM\wp-includes\class-wp-hook.php(332): WP_Hook->apply_filters(false, Array)
#12 D:\Development\htdocs\gem\GEM\wp-includes\plugin.php(517): WP_Hook->do_action(Array)
#13 D:\Development\htdocs\gem\GEM\wp-includes\template-loader.php(13): do_action('template_redire...')
#14 D:\Development\htdocs\gem\GEM\wp-blog-header.php(19): require_once('D:\\Development\\...')
#15 D:\Development\htdocs\gem\GEM\index.php(17): require('D:\\Development\\...')
#16 {main}
  thrown in D:\Development\htdocs\gem\GEM\wp-content\plugins\added-to-cart-popup-woocommerce\templates\xoo-cp-content.php on line 23

2023-07-03T11:09:15+00:00 CRITICAL Uncaught Error: Call to a member function is_visible() on null in D:\Development\htdocs\gem\GEM\wp-content\plugins\added-to-cart-popup-woocommerce\templates\xoo-cp-content.php:23
Stack trace:
#0 D:\Development\htdocs\gem\GEM\wp-content\plugins\woocommerce\includes\wc-core-functions.php(345): include()
#1 D:\Development\htdocs\gem\GEM\wp-content\plugins\added-to-cart-popup-woocommerce\includes\class-xoo-cp-core.php(42): wc_get_template('xoo-cp-content....', Array, '', 'D:\\Development\\...')
#2 D:\Development\htdocs\gem\GEM\wp-content\plugins\added-to-cart-popup-woocommerce\includes\class-xoo-cp-core.php(92): Xoo_CP_Core->get_cart_content()
#3 D:\Development\htdocs\gem\GEM\wp-includes\class-wp-hook.php(308): Xoo_CP_Core->set_ajax_fragments(Array)
#4 D:\Development\htdocs\gem\GEM\wp-includes\plugin.php(205): WP_Hook->apply_filters(Array, Array)
#5 D:\Development\htdocs\gem\GEM\wp-content\plugins\woocommerce\includes\class-wc-ajax.php(214): apply_filters('woocommerce_add...', Array)
#6 D:\Development\htdocs\gem\GEM\wp-includes\class-wp-hook.php(308): WC_AJAX::get_refreshed_fragments('')
#7 D:\Development\htdocs\gem\GEM\wp-includes\class-wp-hook.php(332): WP_Hook->apply_filters('', Array)
#8 D:\Development\htdocs\gem\GEM\wp-includes\plugin.php(517): WP_Hook->do_action(Array)
#9 D:\Development\htdocs\gem\GEM\wp-content\plugins\woocommerce\includes\class-wc-ajax.php(96): do_action('wc_ajax_get_ref...')
#10 D:\Development\htdocs\gem\GEM\wp-includes\class-wp-hook.php(308): WC_AJAX::do_wc_ajax('')
#11 D:\Development\htdocs\gem\GEM\wp-includes\class-wp-hook.php(332): WP_Hook->apply_filters(false, Array)
#12 D:\Development\htdocs\gem\GEM\wp-includes\plugin.php(517): WP_Hook->do_action(Array)
#13 D:\Development\htdocs\gem\GEM\wp-includes\template-loader.php(13): do_action('template_redire...')
#14 D:\Development\htdocs\gem\GEM\wp-blog-header.php(19): require_once('D:\\Development\\...')
#15 D:\Development\htdocs\gem\GEM\index.php(17): require('D:\\Development\\...')
#16 {main}
  thrown in D:\Development\htdocs\gem\GEM\wp-content\plugins\added-to-cart-popup-woocommerce\templates\xoo-cp-content.php on line 23

2023-07-03T11:11:58+00:00 CRITICAL Uncaught Error: Call to a member function is_visible() on null in D:\Development\htdocs\gem\GEM\wp-content\plugins\added-to-cart-popup-woocommerce\templates\xoo-cp-content.php:23
Stack trace:
#0 D:\Development\htdocs\gem\GEM\wp-content\plugins\woocommerce\includes\wc-core-functions.php(345): include()
#1 D:\Development\htdocs\gem\GEM\wp-content\plugins\added-to-cart-popup-woocommerce\includes\class-xoo-cp-core.php(42): wc_get_template('xoo-cp-content....', Array, '', 'D:\\Development\\...')
#2 D:\Development\htdocs\gem\GEM\wp-content\plugins\added-to-cart-popup-woocommerce\includes\class-xoo-cp-core.php(92): Xoo_CP_Core->get_cart_content()
#3 D:\Development\htdocs\gem\GEM\wp-includes\class-wp-hook.php(308): Xoo_CP_Core->set_ajax_fragments(Array)
#4 D:\Development\htdocs\gem\GEM\wp-includes\plugin.php(205): WP_Hook->apply_filters(Array, Array)
#5 D:\Development\htdocs\gem\GEM\wp-content\plugins\woocommerce\includes\class-wc-ajax.php(214): apply_filters('woocommerce_add...', Array)
#6 D:\Development\htdocs\gem\GEM\wp-includes\class-wp-hook.php(308): WC_AJAX::get_refreshed_fragments('')
#7 D:\Development\htdocs\gem\GEM\wp-includes\class-wp-hook.php(332): WP_Hook->apply_filters('', Array)
#8 D:\Development\htdocs\gem\GEM\wp-includes\plugin.php(517): WP_Hook->do_action(Array)
#9 D:\Development\htdocs\gem\GEM\wp-content\plugins\woocommerce\includes\class-wc-ajax.php(96): do_action('wc_ajax_get_ref...')
#10 D:\Development\htdocs\gem\GEM\wp-includes\class-wp-hook.php(308): WC_AJAX::do_wc_ajax('')
#11 D:\Development\htdocs\gem\GEM\wp-includes\class-wp-hook.php(332): WP_Hook->apply_filters(false, Array)
#12 D:\Development\htdocs\gem\GEM\wp-includes\plugin.php(517): WP_Hook->do_action(Array)
#13 D:\Development\htdocs\gem\GEM\wp-includes\template-loader.php(13): do_action('template_redire...')
#14 D:\Development\htdocs\gem\GEM\wp-blog-header.php(19): require_once('D:\\Development\\...')
#15 D:\Development\htdocs\gem\GEM\index.php(17): require('D:\\Development\\...')
#16 {main}
  thrown in D:\Development\htdocs\gem\GEM\wp-content\plugins\added-to-cart-popup-woocommerce\templates\xoo-cp-content.php on line 23

2023-07-03T11:12:38+00:00 CRITICAL Uncaught Error: Call to a member function is_visible() on null in D:\Development\htdocs\gem\GEM\wp-content\plugins\added-to-cart-popup-woocommerce\templates\xoo-cp-content.php:23
Stack trace:
#0 D:\Development\htdocs\gem\GEM\wp-content\plugins\woocommerce\includes\wc-core-functions.php(345): include()
#1 D:\Development\htdocs\gem\GEM\wp-content\plugins\added-to-cart-popup-woocommerce\includes\class-xoo-cp-core.php(42): wc_get_template('xoo-cp-content....', Array, '', 'D:\\Development\\...')
#2 D:\Development\htdocs\gem\GEM\wp-content\plugins\added-to-cart-popup-woocommerce\includes\class-xoo-cp-core.php(92): Xoo_CP_Core->get_cart_content()
#3 D:\Development\htdocs\gem\GEM\wp-includes\class-wp-hook.php(308): Xoo_CP_Core->set_ajax_fragments(Array)
#4 D:\Development\htdocs\gem\GEM\wp-includes\plugin.php(205): WP_Hook->apply_filters(Array, Array)
#5 D:\Development\htdocs\gem\GEM\wp-content\plugins\woocommerce\includes\class-wc-ajax.php(214): apply_filters('woocommerce_add...', Array)
#6 D:\Development\htdocs\gem\GEM\wp-includes\class-wp-hook.php(308): WC_AJAX::get_refreshed_fragments('')
#7 D:\Development\htdocs\gem\GEM\wp-includes\class-wp-hook.php(332): WP_Hook->apply_filters('', Array)
#8 D:\Development\htdocs\gem\GEM\wp-includes\plugin.php(517): WP_Hook->do_action(Array)
#9 D:\Development\htdocs\gem\GEM\wp-content\plugins\woocommerce\includes\class-wc-ajax.php(96): do_action('wc_ajax_get_ref...')
#10 D:\Development\htdocs\gem\GEM\wp-includes\class-wp-hook.php(308): WC_AJAX::do_wc_ajax('')
#11 D:\Development\htdocs\gem\GEM\wp-includes\class-wp-hook.php(332): WP_Hook->apply_filters(false, Array)
#12 D:\Development\htdocs\gem\GEM\wp-includes\plugin.php(517): WP_Hook->do_action(Array)
#13 D:\Development\htdocs\gem\GEM\wp-includes\template-loader.php(13): do_action('template_redire...')
#14 D:\Development\htdocs\gem\GEM\wp-blog-header.php(19): require_once('D:\\Development\\...')
#15 D:\Development\htdocs\gem\GEM\index.php(17): require('D:\\Development\\...')
#16 {main}
  thrown in D:\Development\htdocs\gem\GEM\wp-content\plugins\added-to-cart-popup-woocommerce\templates\xoo-cp-content.php on line 23

2023-07-03T11:48:03+00:00 CRITICAL Uncaught Error: Call to a member function is_visible() on null in D:\Development\htdocs\gem\GEM\wp-content\plugins\added-to-cart-popup-woocommerce\templates\xoo-cp-content.php:23
Stack trace:
#0 D:\Development\htdocs\gem\GEM\wp-content\plugins\woocommerce\includes\wc-core-functions.php(345): include()
#1 D:\Development\htdocs\gem\GEM\wp-content\plugins\added-to-cart-popup-woocommerce\includes\class-xoo-cp-core.php(42): wc_get_template('xoo-cp-content....', Array, '', 'D:\\Development\\...')
#2 D:\Development\htdocs\gem\GEM\wp-content\plugins\added-to-cart-popup-woocommerce\includes\class-xoo-cp-core.php(92): Xoo_CP_Core->get_cart_content()
#3 D:\Development\htdocs\gem\GEM\wp-includes\class-wp-hook.php(308): Xoo_CP_Core->set_ajax_fragments(Array)
#4 D:\Development\htdocs\gem\GEM\wp-includes\plugin.php(205): WP_Hook->apply_filters(Array, Array)
#5 D:\Development\htdocs\gem\GEM\wp-content\plugins\woocommerce\includes\class-wc-ajax.php(214): apply_filters('woocommerce_add...', Array)
#6 D:\Development\htdocs\gem\GEM\wp-includes\class-wp-hook.php(308): WC_AJAX::get_refreshed_fragments('')
#7 D:\Development\htdocs\gem\GEM\wp-includes\class-wp-hook.php(332): WP_Hook->apply_filters('', Array)
#8 D:\Development\htdocs\gem\GEM\wp-includes\plugin.php(517): WP_Hook->do_action(Array)
#9 D:\Development\htdocs\gem\GEM\wp-content\plugins\woocommerce\includes\class-wc-ajax.php(96): do_action('wc_ajax_get_ref...')
#10 D:\Development\htdocs\gem\GEM\wp-includes\class-wp-hook.php(308): WC_AJAX::do_wc_ajax('')
#11 D:\Development\htdocs\gem\GEM\wp-includes\class-wp-hook.php(332): WP_Hook->apply_filters(false, Array)
#12 D:\Development\htdocs\gem\GEM\wp-includes\plugin.php(517): WP_Hook->do_action(Array)
#13 D:\Development\htdocs\gem\GEM\wp-includes\template-loader.php(13): do_action('template_redire...')
#14 D:\Development\htdocs\gem\GEM\wp-blog-header.php(19): require_once('D:\\Development\\...')
#15 D:\Development\htdocs\gem\GEM\index.php(17): require('D:\\Development\\...')
#16 {main}
  thrown in D:\Development\htdocs\gem\GEM\wp-content\plugins\added-to-cart-popup-woocommerce\templates\xoo-cp-content.php on line 23

2023-07-03T11:51:51+00:00 CRITICAL Uncaught Error: Call to a member function is_visible() on null in D:\Development\htdocs\gem\GEM\wp-content\plugins\added-to-cart-popup-woocommerce\templates\xoo-cp-content.php:23
Stack trace:
#0 D:\Development\htdocs\gem\GEM\wp-content\plugins\woocommerce\includes\wc-core-functions.php(345): include()
#1 D:\Development\htdocs\gem\GEM\wp-content\plugins\added-to-cart-popup-woocommerce\includes\class-xoo-cp-core.php(42): wc_get_template('xoo-cp-content....', Array, '', 'D:\\Development\\...')
#2 D:\Development\htdocs\gem\GEM\wp-content\plugins\added-to-cart-popup-woocommerce\includes\class-xoo-cp-core.php(92): Xoo_CP_Core->get_cart_content()
#3 D:\Development\htdocs\gem\GEM\wp-includes\class-wp-hook.php(308): Xoo_CP_Core->set_ajax_fragments(Array)
#4 D:\Development\htdocs\gem\GEM\wp-includes\plugin.php(205): WP_Hook->apply_filters(Array, Array)
#5 D:\Development\htdocs\gem\GEM\wp-content\plugins\woocommerce\includes\class-wc-ajax.php(214): apply_filters('woocommerce_add...', Array)
#6 D:\Development\htdocs\gem\GEM\wp-includes\class-wp-hook.php(308): WC_AJAX::get_refreshed_fragments('')
#7 D:\Development\htdocs\gem\GEM\wp-includes\class-wp-hook.php(332): WP_Hook->apply_filters('', Array)
#8 D:\Development\htdocs\gem\GEM\wp-includes\plugin.php(517): WP_Hook->do_action(Array)
#9 D:\Development\htdocs\gem\GEM\wp-content\plugins\woocommerce\includes\class-wc-ajax.php(96): do_action('wc_ajax_get_ref...')
#10 D:\Development\htdocs\gem\GEM\wp-includes\class-wp-hook.php(308): WC_AJAX::do_wc_ajax('')
#11 D:\Development\htdocs\gem\GEM\wp-includes\class-wp-hook.php(332): WP_Hook->apply_filters(false, Array)
#12 D:\Development\htdocs\gem\GEM\wp-includes\plugin.php(517): WP_Hook->do_action(Array)
#13 D:\Development\htdocs\gem\GEM\wp-includes\template-loader.php(13): do_action('template_redire...')
#14 D:\Development\htdocs\gem\GEM\wp-blog-header.php(19): require_once('D:\\Development\\...')
#15 D:\Development\htdocs\gem\GEM\index.php(17): require('D:\\Development\\...')
#16 {main}
  thrown in D:\Development\htdocs\gem\GEM\wp-content\plugins\added-to-cart-popup-woocommerce\templates\xoo-cp-content.php on line 23

2023-07-03T11:54:35+00:00 CRITICAL Uncaught Error: Call to a member function is_visible() on null in D:\Development\htdocs\gem\GEM\wp-content\plugins\added-to-cart-popup-woocommerce\templates\xoo-cp-content.php:23
Stack trace:
#0 D:\Development\htdocs\gem\GEM\wp-content\plugins\woocommerce\includes\wc-core-functions.php(345): include()
#1 D:\Development\htdocs\gem\GEM\wp-content\plugins\added-to-cart-popup-woocommerce\includes\class-xoo-cp-core.php(42): wc_get_template('xoo-cp-content....', Array, '', 'D:\\Development\\...')
#2 D:\Development\htdocs\gem\GEM\wp-content\plugins\added-to-cart-popup-woocommerce\includes\class-xoo-cp-core.php(92): Xoo_CP_Core->get_cart_content()
#3 D:\Development\htdocs\gem\GEM\wp-includes\class-wp-hook.php(308): Xoo_CP_Core->set_ajax_fragments(Array)
#4 D:\Development\htdocs\gem\GEM\wp-includes\plugin.php(205): WP_Hook->apply_filters(Array, Array)
#5 D:\Development\htdocs\gem\GEM\wp-content\plugins\woocommerce\includes\class-wc-ajax.php(214): apply_filters('woocommerce_add...', Array)
#6 D:\Development\htdocs\gem\GEM\wp-includes\class-wp-hook.php(308): WC_AJAX::get_refreshed_fragments('')
#7 D:\Development\htdocs\gem\GEM\wp-includes\class-wp-hook.php(332): WP_Hook->apply_filters('', Array)
#8 D:\Development\htdocs\gem\GEM\wp-includes\plugin.php(517): WP_Hook->do_action(Array)
#9 D:\Development\htdocs\gem\GEM\wp-content\plugins\woocommerce\includes\class-wc-ajax.php(96): do_action('wc_ajax_get_ref...')
#10 D:\Development\htdocs\gem\GEM\wp-includes\class-wp-hook.php(308): WC_AJAX::do_wc_ajax('')
#11 D:\Development\htdocs\gem\GEM\wp-includes\class-wp-hook.php(332): WP_Hook->apply_filters(false, Array)
#12 D:\Development\htdocs\gem\GEM\wp-includes\plugin.php(517): WP_Hook->do_action(Array)
#13 D:\Development\htdocs\gem\GEM\wp-includes\template-loader.php(13): do_action('template_redire...')
#14 D:\Development\htdocs\gem\GEM\wp-blog-header.php(19): require_once('D:\\Development\\...')
#15 D:\Development\htdocs\gem\GEM\index.php(17): require('D:\\Development\\...')
#16 {main}
  thrown in D:\Development\htdocs\gem\GEM\wp-content\plugins\added-to-cart-popup-woocommerce\templates\xoo-cp-content.php on line 23

2023-07-03T11:56:28+00:00 CRITICAL Uncaught Error: Call to a member function is_visible() on null in D:\Development\htdocs\gem\GEM\wp-content\plugins\added-to-cart-popup-woocommerce\templates\xoo-cp-content.php:23
Stack trace:
#0 D:\Development\htdocs\gem\GEM\wp-content\plugins\woocommerce\includes\wc-core-functions.php(345): include()
#1 D:\Development\htdocs\gem\GEM\wp-content\plugins\added-to-cart-popup-woocommerce\includes\class-xoo-cp-core.php(42): wc_get_template('xoo-cp-content....', Array, '', 'D:\\Development\\...')
#2 D:\Development\htdocs\gem\GEM\wp-content\plugins\added-to-cart-popup-woocommerce\includes\class-xoo-cp-core.php(92): Xoo_CP_Core->get_cart_content()
#3 D:\Development\htdocs\gem\GEM\wp-includes\class-wp-hook.php(308): Xoo_CP_Core->set_ajax_fragments(Array)
#4 D:\Development\htdocs\gem\GEM\wp-includes\plugin.php(205): WP_Hook->apply_filters(Array, Array)
#5 D:\Development\htdocs\gem\GEM\wp-content\plugins\woocommerce\includes\class-wc-ajax.php(214): apply_filters('woocommerce_add...', Array)
#6 D:\Development\htdocs\gem\GEM\wp-includes\class-wp-hook.php(308): WC_AJAX::get_refreshed_fragments('')
#7 D:\Development\htdocs\gem\GEM\wp-includes\class-wp-hook.php(332): WP_Hook->apply_filters('', Array)
#8 D:\Development\htdocs\gem\GEM\wp-includes\plugin.php(517): WP_Hook->do_action(Array)
#9 D:\Development\htdocs\gem\GEM\wp-content\plugins\woocommerce\includes\class-wc-ajax.php(96): do_action('wc_ajax_get_ref...')
#10 D:\Development\htdocs\gem\GEM\wp-includes\class-wp-hook.php(308): WC_AJAX::do_wc_ajax('')
#11 D:\Development\htdocs\gem\GEM\wp-includes\class-wp-hook.php(332): WP_Hook->apply_filters(false, Array)
#12 D:\Development\htdocs\gem\GEM\wp-includes\plugin.php(517): WP_Hook->do_action(Array)
#13 D:\Development\htdocs\gem\GEM\wp-includes\template-loader.php(13): do_action('template_redire...')
#14 D:\Development\htdocs\gem\GEM\wp-blog-header.php(19): require_once('D:\\Development\\...')
#15 D:\Development\htdocs\gem\GEM\index.php(17): require('D:\\Development\\...')
#16 {main}
  thrown in D:\Development\htdocs\gem\GEM\wp-content\plugins\added-to-cart-popup-woocommerce\templates\xoo-cp-content.php on line 23

2023-07-03T11:58:47+00:00 CRITICAL Uncaught Error: Call to a member function is_visible() on null in D:\Development\htdocs\gem\GEM\wp-content\plugins\added-to-cart-popup-woocommerce\templates\xoo-cp-content.php:23
Stack trace:
#0 D:\Development\htdocs\gem\GEM\wp-content\plugins\woocommerce\includes\wc-core-functions.php(345): include()
#1 D:\Development\htdocs\gem\GEM\wp-content\plugins\added-to-cart-popup-woocommerce\includes\class-xoo-cp-core.php(42): wc_get_template('xoo-cp-content....', Array, '', 'D:\\Development\\...')
#2 D:\Development\htdocs\gem\GEM\wp-content\plugins\added-to-cart-popup-woocommerce\includes\class-xoo-cp-core.php(92): Xoo_CP_Core->get_cart_content()
#3 D:\Development\htdocs\gem\GEM\wp-includes\class-wp-hook.php(308): Xoo_CP_Core->set_ajax_fragments(Array)
#4 D:\Development\htdocs\gem\GEM\wp-includes\plugin.php(205): WP_Hook->apply_filters(Array, Array)
#5 D:\Development\htdocs\gem\GEM\wp-content\plugins\woocommerce\includes\class-wc-ajax.php(214): apply_filters('woocommerce_add...', Array)
#6 D:\Development\htdocs\gem\GEM\wp-includes\class-wp-hook.php(308): WC_AJAX::get_refreshed_fragments('')
#7 D:\Development\htdocs\gem\GEM\wp-includes\class-wp-hook.php(332): WP_Hook->apply_filters('', Array)
#8 D:\Development\htdocs\gem\GEM\wp-includes\plugin.php(517): WP_Hook->do_action(Array)
#9 D:\Development\htdocs\gem\GEM\wp-content\plugins\woocommerce\includes\class-wc-ajax.php(96): do_action('wc_ajax_get_ref...')
#10 D:\Development\htdocs\gem\GEM\wp-includes\class-wp-hook.php(308): WC_AJAX::do_wc_ajax('')
#11 D:\Development\htdocs\gem\GEM\wp-includes\class-wp-hook.php(332): WP_Hook->apply_filters(false, Array)
#12 D:\Development\htdocs\gem\GEM\wp-includes\plugin.php(517): WP_Hook->do_action(Array)
#13 D:\Development\htdocs\gem\GEM\wp-includes\template-loader.php(13): do_action('template_redire...')
#14 D:\Development\htdocs\gem\GEM\wp-blog-header.php(19): require_once('D:\\Development\\...')
#15 D:\Development\htdocs\gem\GEM\index.php(17): require('D:\\Development\\...')
#16 {main}
  thrown in D:\Development\htdocs\gem\GEM\wp-content\plugins\added-to-cart-popup-woocommerce\templates\xoo-cp-content.php on line 23

